[  0.000000] Initializing cgroup subsys cpuset
[    0.000000] Initializing cgroup subsys cpu
[    0.000000] Initializing cgroup subsys cpuacct
[    0.000000] Linux version 4.4.0-64-generic (buildd@lgw01-56) (gcc version 5.4.0 20160609 (Ubuntu 5.4.0-6ubuntu1~16.04.4) ) #85-Ubuntu SMP Mon Feb 20 11:50:30 UTC 2017 (Ubuntu 4.4.0-64.85-generic 4.444)
[    0.000000] Command line: BOOT_IMAGE=/boot/vmlinuz-4.4.0-64-generic root=LABEL=cloudimg-rootfs ro console=tty1 console=ttyS0
[    0.000000] KERNEL supported cpus:
[    0.000000]   Intel GenuineIntel
[    0.000000]   AMD AuthenticAMD
[    0.000000]   Centaur CentaurHaus
[    0.000000] x86/fpu: xstate_offset[2]: 576, xstate_sizes[2]:  256
[    0.000000] x86/fpu: Supporting XSAVE feature 0x01: 'x87 floating point registers'
[    0.000000] x86/fpu: Supporting XSAVE feature 0x02: 'SSE registers'
[    0.000000] x86/fpu: Supporting XAVE feature 0x04: 'AVX registers'
[    0.000000] x86/fpu: Enabled xstate features 0x7, context size is 832 bytes, using 'standard' format.
[    0.000000] x86/fpu: Using 'lazy' FPU context switches.
[    0.000000] e820: BIOS-provided physical RAM map:
[    0.000000] BIOS-e820: [mem 0x0000000000000000-0x000000000009fbff] usable
[    0.000000] BIOS-e820: [mem 0x000000000009fc00-0x000000000009ffff] reserved
[    0.000000] BIOS-e820: [mem 0x00000000000f0000-0x00000000000fffff] reserved
[    0.000000] BIOS-e820: [mem 000000000100000-0x000000003ffeffff] usable
[    0.000000] BIOS-e820: [mem 0x000000003fff0000-0x000000003fffffff] ACPI data
[    0.000000] BOSe820: [mem 0x00000000fffc0000-0x00000000ffffffff] reserved
[    0.000000] NX (Execute Disable) protection: active
[    0.000000] SMBIOS 2.5 present.
[    0.000000] Hypervisor detected: KVM
[    0.000000] e820: last_pfn = 0x3fff0 max_arch_pfn = 0x400000000
[    0.000000] MTRR: Disabled
[    0.000000] x86/PAT: MTRRs disabled, skipping PAT initialization too.
[    0.000000] x86/PAT: Configuration [0-7]: WB  WT  UC- UC  WB  WT  UC- UC  
[    0.000000] CPU MTRRs all blank - virtualized system.
[   0.00000] found SMP MP-table at [mem 0x0009fff0-0x0009ffff] mapped at [ffff88000009fff0]
[    0.000000] Scanning 1 areas for low memory corruption
[    0.000000] RAMDISK: [mem 0x36af0000-0x3756ffff]
[    0.000000] ACPI: Early table checksum verification disabled
[    0.000000] ACPI: RSDP 0x00000000000E0000 000024 (v02 VBOX  )
[    0.000000] ACPI: XSDT 0x0000000FFF0030 00003C (v01 VBOX   VBOXXSDT 00000001 ASL  00000061)
[    0.000000] ACPI: FACP 0x000000003FFF00F0 0000F4 (v04 VBOX   VBOXFACP 00000001 ASL  00000061)
[    0.000000] ACPI: DSDT 0x000000003FFF0470 002118 (v01 VBOX   VBOXBIOS 00000002 INTL 20160108)
[    0.000000] ACPI: FACS 0x000000003FFF0200 000040
[    0.000000] ACPI: FACS 0x000000003FFF0200 000040
[    0.000000] ACPI: APIC 0x000000003FFF0240 00005C (v02 VBOX   VBOXAPIC 00000001 ASL  00000061)
[    0.000000] ACPI: SSDT 0x00000000FFF02A0 0001CC (v01 VBOX   VBOXCPUT 00000002 INTL 20160108)
[    0.000000] No NUMA configuration found
[   0.000000] Faking a nod at [mem 0x0000000000000000-0x000000003ffeffff]
[    0.000000] NODE_DATA(0) allocated [mem 0x3ffeb000-0x3ffeffff]
[    0.000000] kvm-clock: Using msrs 4b564d01 and 4b564d00
[    0.000000] kvm-clock: cpu 0, msr 0:3ffe301, primary cpu clock
[    0.000000] kvm-clock: using sched offset of 3378568351 ccles
[    0.000000] clocksource: kvm-clock: mask: 0xffffffffffffffff max_cycles: 0x1cd42e4dffb, max_idl_ns: 881590591483 ns
[    0.000000] Zone ranges:
[    0.000000]   DMA      [mem 0x0000000000001000-0x0000000000ffffff]
[    0.000000]   DMA32    [mem0x0000000001000000-0x000000003ffeffff]
[    0.000000]   Normal   empty
[    0.000000]   Device   empty
[    0.000000] Movable zone start for each node
[    0.000000] Early memory node ranges
[    0.000000]   node   0: [mem 0x0000000000001000-0x000000000009efff]
[    0.000000]   node   0: [mem 0x0000000000100000-0x000000003ffeffff]
[    0.00000] Initmem setup node 0 [mem 0x0000000000001000-0x000000003ffeffff]
[    0.000000] ACPI: PM-Timer IO Port: 0x4008
[    0.00000]IOAPIC[0]: apic_id 2, version 17, address 0xfec00000, GSI 0-23
[    0.000000] ACPI: INT_SRC_OVR (bus 0 bus_irq 0 global_irq 2 dfl dfl)
[    0.000000] ACPI: INT_SRC_OVR (bus 0 bus_irq 9 global_irq 9 high level)
[    0.000000] Using ACPI (MADT) for SMP configuration information
[    0.000000] smpboot: Allowing 2 CPUs, 0 hotplug CPUs
[    0.000000] PM: Registered nosave memory: [mem 0x00000000-0x00000fff]
[    0.000000] PM: Registered nosav mmory: [mem 0x0009f000-0x0009ffff]
[    0.000000] PM: Registered nosave memory: [mem 0x000a000-0x000effff]
[    0.000000] PM: Registered nosave memory: [mem 0x000f0000-0x000fffff]
[    0.000000] e820: [mem 0x40000000-0xfffbffff] available for PCI devices
[    0.000000] Booting paravirtualized kernel on KVM
[    0.000000] clocksource: refined-jiffies: mask: 0xffffffff max_cycles: 0xffffffff, max_idle_ns: 7645519600211568 ns
[    0.000000] setup_percpu: NR_CPUS:512 nr_cpumask_bits:512 nr_cpu_ids:2 nr_node_ids:1
[    0.000000] PERCPU: Embedded 33 pages/cpu @ffff88003fc00000 s98264 r8192 d28712 u1048576
[    0.000000] PV qspinlock hash table entries: 256 (order: 0, 4096 bytes)
[    0.000000] Built 1 zonelists in Node order, mobility grouping on.  Total pages: 257913
[    0.000000] Policy zone: DMA32
[    0.000000] Kernel command line: BOOT_IMAGE=/boot/vmlinuz-4.4.0-64-generic root=LABEL=cloudimg-rootfs ro console=tty1 console=ttyS0
[    0.000000] PID hash table entries: 4096 (order: 3, 32768 bytes)
[    0.000000] Memory: 1001824K/1048120K available (8452K kernel code, 1293K rwdata, 3980K rodata, 1488K init, 1316K bss, 46296K reserved, 0K cma-reserved)
[    0.000000] SLUB: HWalign=64, Order=0-3, MinObjects=0, CPUs=2, Nodes=1
[    0.000000] Hierarchical RCU implementation.
[    0.000000] 	Build-time adjustment of leaf fanout to 64.
[    0.000000] 	RCU restricting CPUs from NR_CPUS=512 to nr_cpu_ids=2.
[    0.000000] RCU: Adjusting geomery for rcu_fnout_leaf=64, nr_cpu_ids=2
[    0.000000] NR_IRQS:33024 nr_irqs:440 16
[    0.000000] Console: colour VGA+ 80x25
[    0.000000] console [tty1] enabled
[    0.000000] console [ttyS0] enabled
[    0.000000] tsc: Detected 3292.518 MHz processor
[    1.179884] Calibrating delay loop (skipped) preset value.. 6585.03 BogoMIPS (lpj=13170072)
[    1.181721] pid_max: default: 32768 minimum: 301
[    1.182718] ACPI: Core revision 20150930
[    1.184549] ACPI: 2 ACPI AML tables successfully acquired and loaded
[    1.185950] Security Framework initialized
[    1.186866] Yama: becoming mindful.
[    1.187719] AppArmor: AppArmor initialized
[    1.188714] Dentry cache hash table entries: 131072 (order: 8, 1048576 bytes)
[    1.190269] Inode-cache hash table entries: 65536 (order: 7, 524288 bytes)
[  1.192259] Mount-cache hash table enties: 2048 (order: 2, 16384 bytes)

[    1.231226] Mountpoint-cache hash table entries: 2048 (order: 2, 16384 bytes)
[    1.232769] Initializing cgroup subsys io
[    1.267118] Initializing cgroup subsys memory
[    1.268083] Initializing cgroup subsys devices
[    1.274302] Initializing cgroup subsys freezer
[    1.341002] Initializing cgroup subsys net_cls
[    1.341745] Initializing cgroup subsys perf_event
[    1.342539] Initializing cgroup subsys net_prio
[    1.347237] Initializing cgroup subsys hugetlb
[    1.348219] Initializing cgroup subsys pids
[    1.349236] CPU: Physical Processor ID: 0
[    1.350144] CPU: Processor Core ID: 0
[    1.351043] mce: CPU supports 0 MCE banks
[    1.351998] Last level iTLB entries: 4KB 512, 2MB 8, 4MB 8
[    1.353137] Last level dTLB entries: 4KB 512, 2MB 32, 4MB 32, 1GB 0
[    1.356337] Freeing SMP alternatives memory: 32K (ffffffff820b9000 - ffffffff820c1000)
[    1.366113] ftrace: allocating 32123 entries in 126 pages
[    1.448851] smpboot: APIC(0) Converting physical 0 to logical package 0
[    1.451397] smpboot: Max logical packages: 1
[    1.454087] ..TIMER: vector=0x30 apic1=0 pin1=2 apic2=-1 pin2=-1
[    1.562933] smpboot: CPU0: Intel(R) Core(TM) i3-2120 CPU @ 3.30GHz (family: 0x6, model: 0x2a, stepping: 0x7)
[    1.578309] Performance Events: unsupported p6 CPU model 42 no PMU driver, software events only.
[    1.718385] KVM setup paravirtual spinlock
[    1.795747] x86: Booting SMP configuration:
[    1.878177] .... node  #0, CPUs:      #1
[    1.924054] kvm-clock: cpu 1, msr 0:3ffe3041, secondary cpu clock
[    1.932629] mce: CPU supports 0 MCE banks
[    1.935632] x86: Booted up 1 node, 2 CPUs
[    1.937861] smpboot: Total of 2 processors activated (13170.07 BogoMIPS)
[    1.946017] devtmpfs: initialized
[    1.949313] evm: security.selinux
[    1.950111] evm: security.SMACK64
[    1.950949] evm: security.SMACK64EXEC
[    1.955091] evm: security.SMACK64TRANSMUTE
[    1.957098] evm: security.SMACK64MMAP
[    1.957978] evm: security.ima
[    1.963950] evm: security.capability
[    1.965022] clocksource: jiffies: mask: 0xffffffff max_cycles: 0xffffffff, max_idle_ns: 7645041785100000 ns
[    1.967245] pinctrl core: initialized pinctrl subsystem
[    1.968458] RTC time: 20:34:09, date: 03/08/17
[    1.970083] NET: Registered protocol family 16
[    1.982633] cpuidle: using governor ladder
[    1.994702] cpuidle: using governor menu
[    1.998374] PCCT header not found.
[    2.004580] ACPI: bus type PCI registered
[    2.005485] acpiphp: ACPI Hot Plug PCI Controller Driver version: 0.5
[    2.006884] PCI: Using configuration type 1 for base access
[    2.019663] ACPI: Added _OSI(Module Device)
[    2.023687] ACPI: Added _OSI(Processor Device)
[    2.025721] ACPI: Added _OSI(3.0 _SCP Extensions)
[    2.027809] ACPI: Added _OSI(Processor Aggregator Device)
[    2.029556] ACPI: Executed 1 blocks of module-level executable AML code
[    2.032633] ACPI: Interpreter enabled
[    2.033475] ACPI: (supports S0 S5)
[    2.034257] ACPI: Using IOAPIC for interrupt routing
[    2.035471] PCI: Using host bridge windows from ACPI; if necessary, use "pci=nocrs" and report a bug
[    2.040556] ACPI: PCI Root Bridge [PCI0] (domain 0000 [bus 00-ff])
[    2.076891] acpi PNP0A03:00: _OSC: OS supports [ASPM ClockPM Segments MSI]
[    2.083426] acpi PNP0A03:00: _OSC failed (AE_NOT_FOUND); disabling ASPM
[    2.148520] acpi PNP0A03:00: fail to add MMCONFIG information, can't access extended PCI configuration space under this bridge.
[    2.190192] PCI host bridge to bus 0000:00
[    2.205472] pci_bus 0000:00: root bus resource [io  0x0000-0x0cf7 window]
[    2.206459] pci_bus 0000:00: root bus resource [io  0x0d00-0xffff window]
[    2.220292] pci_bus 0000:00: root bus resource [mem 0x000a0000-0x000bffff window]
[    2.221924] pci_bus 0000:00: root bus resource [mem 0x40000000-0xffdfffff window]
[    2.223625] pci_bus 0000:00: root bus resource [bus 00-ff]
[    2.226063] pci 0000:00:01.1: legacy IDE quirk: reg 0x10: [io  0x01f0-0x01f7]
[    2.228505] pci 0000:00:01.1: legacy IDE quirk: reg 0x14: [io  0x03f6]
[    2.229774] pci 0000:00:01.1: legacy IDE quirk: reg 0x18: [io  0x0170-0x0177]
[    2.232234] pci 0000:00:01.1: legacy IDE quirk: reg 0x1c: [io  0x0376]
[    2.269939] ACPI: PCI Interrupt Link [LNKA] (IRQs 5 9 10 11) *0, disabled.
[    2.277172] ACPI: PCI Interrupt Link [LNKB] (IRQs 5 9 10 *11)
[    2.280888] ACPI: PCI Interrupt Link [LNKC] (IRQs 5 9 *10 11)
[    2.282454] ACPI: PCI Interrupt Link [LNKD] (IRQs 5 *9 10 11)
[    2.289359] ACPI: Enabled 2 GPEs in block 00 to 07
[    2.290818] vgaarb: setting as boot device: PCI:0000:00:02.0
[    2.293040] vgaarb: device added: PCI:0000:00:02.0,decodes=io+mem,owns=io+mem,locks=none
[    2.294823] vgaarb: loaded
[    2.305605] vgaarb: bridge control possible 0000:00:02.0
[    2.308389] SCSI subsystem initialized
[    2.314671] ACPI: bus type USB registered
[    2.315589] usbcore: registered new interface driver usbfs
[    2.316710] usbcore: registered new interface driver hub
[    2.317816] usbcore: registered new device driver usb
[    2.319216] PCI: Using ACPI for IRQ routing
[    2.320368] NetLabel: Initializing
[    2.326404] NetLabel:  domain hash size = 128
[    2.332737] NetLabel:  protocols = UNLABELED CIPSOv4
[    2.333779] NetLabel:  unlabeled traffic allowed by default
[    2.354609] amd_nb: Cannot enumerate AMD northbridges
[    2.361061] clocksource: Switched to clocksource kvm-clock
[    2.415710] AppArmor: AppArmor Filesystem Enabled
[    2.429569] pnp: PnP ACPI init
[   2.431002] pnp: PnP ACPI: found 3 devices

[   2.6406] clocksource: acpi_pm: mask: 0xffffff max_cycles: 0xffffff, max_idle_ns: 2085701024 ns
[    2.534754] NET: Registered protocol family 2

[    2.535855] TCP established hash table entries: 8192 (order: 4, 65536 bytes)
[    2.538353] TCP bind hash table entries: 8192 (order: 5, 131072 bytes)
[    2.539656] TCP: Hash tables configured (established 8192 bind 8192)
[    2.540922] UDP hash table entries: 512 (order: 2, 16384 bytes)
[    2.542140] UDP-Lite hash tablentries: 512 (order: 2, 16384 bytes)
[    2.587612] NET: Registered protocol family 1
[    2588565] pci 0000:00:00.0: Limiting direct PCI/PCI transfers
   2.612950] pci 0000:00:01.0: Activating ISA DMA hang workarounds
[   2.658997] Trying to unpack rootfs image as initramfs...

[    4.307478] Freeing initrd memory: 10752K (ffff880036af0000 - ffff880037570000)
[    4.326667] RAPL PMU detected, API unit is 2^-32 Joules, 3 fixed counters 10737418240 ms ovfl timer
[    4.331289] hw unit of domain pp0-core 2^-0 Joules
[    4.339822] hw unit of domain package 2^-0 Joules
[    4.347458] hw unit of domain pp1-gpu 2^-0 Joules
[    4.351119] platform rtc_cmos: registered platform RTC device (no PNP device found)
[    4.354297] Scanning for low memory corruption every 60 seconds
[    4.358203] futex hash table entries: 512 (order: 3, 32768 bytes)
[    4.360568] audit: initializing netlink subsys (disabled)
[    4.362817] audit: type=2000 audit(1489005254.643:1): initialized
[    4.365018] Initialise system trusted keyring
[    4.392862] HugeTLB registered 2 MB page size, pre-allocated 0 pages
[    4.398152] zbud: loaded
[    4.402480] VFS: Disk quotas dquot_6.6.0
[    4.411370] VFS: Dquot-cache hash table entries: 512 (order 0, 4096 bytes)
[    4.412946] squashfs: version 4.0 (2009/01/31) Phillip Lougher
[    4.515233] fuse init (API version 7.23)
[    4.594929] Key type big_key registered
[    4.595804] Allocating IMA MOK and blacklist keyrings.
[    4.598564] Key type asymmetric registered
[    4.646931] Asymmetric key parser 'x509' registered
[    4.647996] Block layer SCSI generic (bsg) driver version 0.4 loaded (major 249)
[    4.688553] io scheduler noop registered
[    4.710748] io scheduler deadline registered (default)
[    4.711857] io scheduler cfq registered
[    4.712826] pci_hotplug: PCI Hot Plug PCI Core version: 0.5
[    4.766989] pciehp: PCI Express Hot Plug Controller Driver version: 0.4
[    4.782907] ACPI: AC Adapter [AC] (on-line)
[    4.810968] input: Power Button as /devices/LNXSYSTM:00/LNXPWRBN:00/input/input0
[    4.813757] ACPI: Power Button [PWRF]
[    4.814652] input: Sleep Button as /devices/LNXSYSTM:00/LNXSLPBN:00/input/input1
[    4.816279] ACPI: Sleep Button [SLPF]
[    4.817385] GHES: HEST is not enabled!
[    4.890900] Serial: 8250/16550 driver, 32 ports, IRQ sharing enabled
[    4.913681] 00:02: ttyS0 at I/O 0x3f8 (irq = 4, base_baud = 115200) is a 16550A
[    4.970338] Linux agpgart interface v0.103
[    5.089075] brd: module loaded
[    5.093206] loop: module loaded
[    5.099218] scsi host0: ata_piix
[    5.100162] scsi host1: ata_piix
[    5.100979] ata1: PATA max UDMA/33 cmd 0x1f0 ctl 0x3f6 bmdma 0xd000 irq 14
[    5.168398] ata2: PATA max UDMA/33 cmd 0x170 ctl 0x376 bmdma 0xd008 irq 15
[    5.183822] libphy: Fixed MDIO Bus: probed
[    5.186504] tun: Universal TUN/TAP device driver, 1.6
[    5.187700] tun: (C) 1999-2004 Max Krasnyansky <maxk@qualcomm.com>
[    5.191301] PPP generic driver version 2.4.2
[    5.192301] ehci_hcd: USB 2.0 'Enhanced' Host Controller (EHCI) Driver
[    5.193637] ehci-pci: EHCI PCI platform driver
[    5.198787] ehci-platform: EHCI generic platform driver
[    5.199891] ohci_hcd: USB 1.1 'Open' Host Controller (OHCI) Driver
[    5.201135] ohci-pci: OHCI PCI platform driver
[    5.368443] ohci-platform: OHCI generic platform driver
[    5.369322] uhci_hcd: USB Universal Host Controller Interface driver
[    5.369513] tsc: Refined TSC clocksource calibration: 3291.112 MHz
[    5.369516] clocksource: tsc: mask: 0xffffffffffffffff max_cycles: 0x2f7080417a6, max_idle_ns: 440795350923 ns
[    5.377382] i8042: PNP: PS/2 Controller [PNP0303:PS2K,PNP0f03:PS2M] at 0x60,0x64 irq 1,12
[    5.379343] serio: i8042 KBD port at 0x60,0x64 irq 1
[    5.380160] serio: i8042 AUX port at 0x60,0x64 irq 12
[    5.381081] mousedev: PS/2 mouse device common for all mice
[    5.382673] rtc_cmos rtc_cmos: rtc core: registered rtc_cmos as rtc0
[    5.383705] input: AT Translated Set 2 keyboard as /devices/platform/i8042/serio0/input/input2
[    5.385342] rtc_cmos rtc_cmos: alarms up to one day, 114 bytes nvram
[    5.386299] i2c /dev entries driver
[    5.387008] device-mapper: uevent: version 1.0.3
[    5.390986] device-mapper: ioctl: 4.34.0-ioctl (2015-10-28) initialised: dm-devel@redhat.com
[    5.392391] ledtrig-cpu: registered to indicate activity on CPUs
[    5.394011] NET: Registered protocol family 10
[    5.395021] NET: Registered protocol family 17
[    5.395770] Key type dns_resolver registered
[    5.396653] microcode: CPU0 sig=0x206a7, pf=0x10, revision=0x0
[    5.397953] microcode: CPU1 sig=0x206a7, pf=0x10, revision=0x0
[    5.398921] microcode: Microcode Update Driver: v2.01 <tigran@aivazian.fsnet.co.uk>, Peter Oruba
[    5.400477] registered taskstats version 1
[    5.401193] Loading compiled-in X.509 certificates
[    5.402754] Loaded X.509 cert 'Build time autogenerated kernel key: 11f495fa9f4186f263f5fd144a167c99990e2f12'
[    5.404296] zswap: loaded using pool lzo/zbud
[    5.408010] Key type trusted registered
[    5.422685] Key type encrypted registered
[    5.449518] AppArmor: AppArmor sha1 policy hashing enabled
[    5.480084] ima: No TPM chip found, activating TPM-bypass!
[    5.508698] evm: HMAC attrs: 0x1
[    5.509774]   Magic number: 9:732:598
[    5.510569] rtc_cmos rtc_cmos: setting system clock to 2017-03-08 20:34:12 UTC (1489005252)
[    5.512116] BIOS EDD facility v0.16 2004-Jun-25, 0 devices found
[    5.513031] EDD information not available.
[    5.515255] Freeing unused kernel memory: 1488K (ffffffff81f45000 - ffffffff820b9000)
[    5.519142] Write protecting the kernel read-only data: 14336k
[    5.520687] Freeing unused kernel memory: 1776K (ffff880001844000 - ffff880001a00000)
[    5.539414] Freeing unused kernel memory: 116K (ffff880001de3000 - ffff880001e00000)
Loading, please wait...
starting version[    5.554560] random: systemd-udevd: uninitialized urandom read (16 bytes read, 2 bits of entropy available)
 229
[    5.555460] random: udevadm: uninitialized urandom read (16 bytes read, 2 bits of entropy available)
[    5.555514] random: udevadm: uninitialized urandom read (16 bytes read, 2 bits of entropy available)
[    5.555704] random: udevadm: uninitialized urandom read (16 bytes read, 2 bits of entropy available)
[    5.555780] random: udevadm: uninitialized urandom read (16 bytes read, 2 bits of entropy available)
[    5.555854] random: udevadm: uninitialized urandom read (16 bytes read, 2 bits of entropy available)
[    5.555930] random: udevadm: uninitialized urandom read (16 bytes read, 2 bits of entropy available)
[    5.556005] random: udevadm: uninitialized urandom read (16 bytes read, 2 bits of entropy available)
[    5.556081] random: udevadm: uninitialized urandom read (16 bytes read, 2 bits of entropy available)
[    5.556153] random: udevadm: uninitialized urandom read (16 bytes read, 2 bits of entropy available)
[    5.610429] e1000: Intel(R) PRO/1000 Network Driver - version 7.3.21-k8-NAPI
[    5.613046] e1000: Copyright (c) 1999-2006 Intel Corporation.
[    5.616190] Fusion MPT base driver 3.04.20
[    5.617864] Copyright (c) 1999-2008 LSI Corporation
[    5.654057] Fusion MPT SPI Host driver 3.04.20
[    5.831323] input: ImExPS/2 Generic Explorer Mouse as /devices/platform/i8042/serio1/input/input4
[    6.012415] e1000 0000:00:03.0 eth0: (PCI:33MHz:32-bit) 02:5e:4b:b2:97:11
[    6.164601] e1000 0000:00:03.0 eth0: Intel(R) PRO/1000 Network Connection
[    6.170746] e1000 0000:00:03.0 enp0s3: renamed from eth0
[    6.199448] mptbase: ioc0: Initiating bringup
[    6.613512] ioc0: LSI53C1030 A0: Capabilities={Initiator}
[    7.303171] scsi host2: ioc0: LSI53C1030 A0, FwRev=00000000h, Ports=1, MaxQ=256, IRQ=20
[    8.638248] scsi 2:0:0:0: Direct-Access     VBOX     HARDDISK         1.0  PQ: 0 ANSI: 5
[    8.670426] floppy0: no floppy controllers found
[    8.948272] scsi target2:0:0: Beginning Domain Validation
[    9.177335] scsi target2:0:0: Domain Validation skipping write tests
[    9.188455] scsi target2:0:0: Ending Domain Validation
[    9.208303] scsi target2:0:0: asynchronous
[    9.236023] scsi 2:0:1:0: Direct-Access     VBOX     HARDDISK         1.0  PQ: 0 ANSI: 5
[    9.249349] scsi target2:0:1: Beginning Domain Validation
[    9.252057] scsi target2:0:1: Domain Validation skipping write tests
[    9.253353] scsi target2:0:1: Ending Domain Validation
[    9.269181] scsi target2:0:1: asynchronous
[    9.288470] sd 2:0:0:0: Attached scsi generic sg0 type 0
[    9.288988] sd 2:0:0:0: [sda] 20971520 512-byte logical blocks: (10.7 GB/10.0 GiB)
[    9.289199] sd 2:0:0:0: [sda] Write Protect is off
[    9.289321] sd 2:0:0:0: [sda] Incomplete mode parameter data
[    9.289322] sd 2:0:0:0: [sda] Assuming drive cache: write through
[    9.310826]  sda: sda1
[    9.310870] sd 2:0:1:0: Attached scsi generic sg1 type 0
[    9.315011] sd 2:0:1:0: [sdb] 20480 512-byte logical blocks: (10.5 MB/10.0 MiB)
[    9.317366] sd 2:0:1:0: [sdb] Write Protect is off
[    9.328894] sd 2:0:0:0: [sda] Attached SCSI disk
[    9.448203] sd 2:0:1:0: [sdb] Incomplete mode parameter data
[    9.569658] sd 2:0:1:0: [sdb] Assuming drive cache: write through
[    9.663927] sd 2:0:1:0: [sdb] Attached SCSI disk
Begin: Loading e[   11.137825] md: linear personality registered for level -1
ssential drivers ... [   11.171658] md: multipath personality registered for level -4
[   11.176809] md: raid0 personality registered for level 0
[   11.186986] md: raid1 personality registered for level 1
[   11.269535] raid6: sse2x1   gen()  8607 MB/s
[   11.349369] raid6: sse2x1   xor()  5793 MB/s
[   11.557912] raid6: sse2x2   gen() 11333 MB/s
[   11.637789] raid6: sse2x2   xor()  6090 MB/s
[   12.007925] raid6: sse2x4   gen() 10338 MB/s
[   12.137822] raid6: sse2x4   xor()  6929 MB/s
[   12.139402] raid6: using algorithm sse2x2 gen() 11333 MB/s
[   12.141152] raid6: .... xor() 6090 MB/s, rmw enabled
[   12.142842] raid6: using ssse3x2 recovery algorithm
[   12.146247] xor: automatically using best checksumming function:
[   12.189098]    avx       : 17930.000 MB/sec
[   12.236451] async_tx: api initialized (async)
[   12.252428] md: raid6 personality registered for level 6
[   12.264191] md: raid5 personality registered for level 5
[   12.266443] md: raid4 personality registered for level 4
[   12.273977] md: raid10 personality registered for level 10
done.
Begin: Running /scripts/init-premount ... done.
Begin: Mounting root file system ... Begin: Running /scripts/local-top ... done.
Begin: Running /scripts/local-premount ... [   12.323188] Btrfs loaded
Scanning for Btrfs filesystems
done.
Warning: fsck not present, so skipping root file system
[   12.412288] EXT4-fs (sda1): mounted filesystem with ordered data mode. Opts: (null)
done.
Begin: Running /scripts/local-bottom ... done.
Begin: Running /scripts/init-bottom ... done.
[   12.905724] systemd[1]: systemd 229 running in system mode. (+PAM +AUDIT +SELINUX +IMA +APPARMOR +SMACK +SYSVINIT +UTMP +LIBCRYPTSETUP +GCRYPT +GNUTLS +ACL +XZ -LZ4 +SECCOMP +BLKID +ELFUTILS +KMOD -IDN)
[   12.940032] systemd[1]: Detected virtualization oracle.
[   12.942947] systemd[1]: Detected architecture x86-64.

Welcome to [1mUbuntu 16.04.2 LTS[0m!

[   12.965042] systemd[1]: Set hostname to <ubuntu-xenial>.
[   13.499213] random: nonblocking pool is initialized
[   13.575305] systemd[1]: Started Forward Password Requests to Wall Directory Watch.
[[0;32m  OK  [0m] Started Forward Password Requests to Wall Directory Watch.
[   13.624892] systemd[1]: Listening on udev Control Socket.
[[0;32m  OK  [0m] Listening on udev Control Socket.
[   13.630951] systemd[1]: Reached target Encrypted Volumes.
[[0;32m  OK  [0m] Reached target Encrypted Volumes.
[   13.653273] systemd[1]: Listening on Syslog Socket.
[[0;32m  OK  [0m] Listening on Syslog Socket.
[   13.670576] systemd[1]: Reached target User and Group Name Lookups.
[[0;32m  OK  [0m] Reached target User and Group Name Lookups.
[   13.687480] systemd[1]: Listening on Journal Audit Socket.
[[0;32m  OK  [0m] Listening on Journal Audit Socket.
[   13.697234] systemd[1]: Listening on /dev/initctl Compatibility Named Pipe.
[[0;32m  OK  [0m] Listening on /dev/initctl Compatibility Named Pipe.
[   13.702258] systemd[1]: Created slice User and Session Slice.
[[0;32m  OK  [0m] Created slice User and Session Slice.
[   13.705707] systemd[1]: Set up automount Arbitrary Executable File Formats File System Automount Point.
[[0;32m  OK  [0m] Set up automount Arbitrary Executab...ats File System Automount Point.
[   13.733332] systemd[1]: Listening on Journal Socket (/dev/log).
[[0;32m  OK  [0m] Listening on Journal Socket (/dev/log).
[   13.765253] systemd[1]: Listening on LVM2 poll daemon socket.
[[0;32m  OK  [0m] Listening on LVM2 poll daemon socket.
[   13.777258] systemd[1]: Listening on LVM2 metadata daemon socket.
[[0;32m  OK  [0m] Listening on LVM2 metadata daemon socket.
[   13.797261] systemd[1]: Listening on udev Kernel Socket.
[[0;32m  OK  [0m] Listening on udev Kernel Socket.
[   13.809905] systemd[1]: Reached target Swap.
[[0;32m  OK  [0m] Reached target Swap.
[   13.830722] systemd[1]: Listening on Device-mapper event daemon FIFOs.
[[0;32m  OK  [0m] Listening on Device-mapper event daemon FIFOs.
[   13.871211] systemd[1]: Listening on Journal Socket.
[[0;32m  OK  [0m] Listening on Journal Socket.
[   13.893596] systemd[1]: Created slice System Slice.
[[0;32m  OK  [0m] Created slice System Slice.
[   13.925296] systemd[1]: Starting Set console keymap...
         Starting Set console keymap...
[   13.973238] systemd[1]: Mounting Debug File System...
         Mounting Debug File System...
[   13.978846] systemd[1]: Starting Create list of required static device nodes for the current kernel...
         Starting Create list of required st... nodes for the current kernel...
[   14.002271] systemd[1]: Starting Monitoring of LVM2 mirrors, snapshots etc. using dmeventd or progress polling...
         Starting Monitoring of LVM2 mirrors... dmeventd or progress polling...
[   14.015057] systemd[1]: Starting Remount Root and Kernel File Systems...
         Starting Remount Root and Kernel File Systems...
[   14.032372] systemd[1]: Mounting POSIX Message Queue File System...
         Mounting POSIX Message Queue File System...
[   14.037881] systemd[1]: Starting Nameserver information manager...
         Starting Nameserver information manager...
[   14.043925] systemd[1]: Starting Uncomplicated firewall...
         Starting Uncomplicated firewall...
[   14.059886] systemd[1]: Reached target Slices.
[[0;32m  OK  [0m] Reached target Slices.
[  14.098279] EXT4-fs (sda1): re-moued. Opts: (null)

[   14.225620] systemd[1]: Starting Load Kernel Modules...
         Starting Load Kernel Modules...
[   14.244587] systemd[1]: Mounting Huge Pages File System...
         Mounting Huge Pages File System...
[   14.267473] systemd[1]: Created slice system-serial\x2dgetty.slice.
[[0;32m  OK  [0m] Created slice system-serial\x2dgetty.slice.
[   14.281168] systemd[1]: Starting Journal Service...
         Starting Journal Service...
[   14.361929] systemd[1]: Mounted POSIX Message Queue File System.
[[0;32m  OK  [0m] Mounted POSIX Message Queue File System.
[   14.371333] systemd[1]: Mounted Debug File System.
[[0;32m  OK  [0m] Mounted Debug File System.
[   14.383196] Loading iSCSI transport class v2.0-870.
[   14.391696] systemd[1]: Mounted Huge Pages File System.
[[0;32m  OK  [0m] Mounted Huge Pages File System.
[   14.396134] systemd[1]: Started Set console keymap.
[[0;32m  OK  [0m] Started Set console keymap.
[   14.399966] systemd[1]: Started Create list of required static device nodes for the current kernel.
[[0;32m  OK  [0m] Started Create list of required sta...ce nodes for the current kernel.
[   14.441702] systemd[1]: Started Remount Root and Kernel File Systems.
[[0;32m  OK  [0m] Started Remount Root and Kernel File Systems.
[   14.465032] iscsi: registered transport (tcp)
[   14.466264] systemd[1]: Started Uncomplicated firewall.
[[0;32m  OK  [0m] Started Uncomplicated firewall.
[   14.485937] systemd[1]: Started Nameserver information manager.
[[0;32m  OK  [0m] Started Nameserver information manager.
[   14.561290] systemd[1]: Started LVM2 metadata daemon.
[[0;32m  OK  [0m] Started LVM2 metadata daemon.
[   14.621292] systemd[1]: Starting udev Coldplug all Devices...
         Starting udev Coldplug all Devices...
[   14.647866] iscsi: registered transport (iser)
[   14.657835] systemd[1]: Starting Load/Save Random Seed...
         Starting Load/Save Random Seed...
[   14.674091] systemd[1]: Starting Initial cloud-init job (pre-networking)...
         Starting Initial cloud-init job (pre-networking)...
[   14.691853] systemd[1]: Starting Create Static Device Nodes in /dev...
         Starting Create Static Device Nodes in /dev...
[   14.705338] systemd[1]: Started Journal Service.
[[0;32m  OK  [0m] Started Journal Service.
[[0;32m  OK  [0m] Started Load Kernel Modules.
[[0;32m  OK  [0m] Started Load/Save Random Seed.
         Mounting FUSE Control File System...
         Starting Apply Kernel Variables...
         Starting Flush Journal to Persistent Storage...
[[0;32m  OK  [0m] Mounted FUSE Control File System.
[[0;32m  OK  [0m] Started udev Coldplug all Devices.
[   14.870157] systemd-journald[403]: Received request to flush runtime journal from PID 1
[[0;32m  OK  [0m] Started Flush Journal to Persistent Storage.
[[0;32m  OK  [0m] Started Apply Kernel Variables.
[[0;32m  OK  [0m] Started Create Static Device Nodes in /dev.
         Starting udev Kernel Device Manager...
[[0;32m  OK  [0m] Started Monitoring of LVM2 mirrors,...ng dmeventd or progress polling.
         Starting LSB: Squid HTTP Proxy version 3.x...
[[0;32m  OK  [0m] Started udev Kernel Device Manager.
[[0;32m  OK  [0m] Started Dispatch Password Requests to Console Directory Watch.
[[0;32m  OK  [0m] Reached target Local File Systems (Pre).
[[0;32m  OK  [0m] Reached target Local File Systems.
         Starting Set console font and keymap...
         Starting Tell Plymouth To Write Out Runtime Data...
         Starting Create Volatile Files and Directories...
         Starting LSB: AppArmor initialization...
[[0;32m  OK  [0m] Started Tell Plymouth To Write Out Runtime Data.
[[0;32m  OK  [0m] Found device /dev/ttyS0.
[[0;32m  OK  [0m] Started Create Volatile Files and Directories.
[[0;32m  OK  [0m] Reached target System Time Synchronized.
         Starting Update UTMP about System Boot/Shutdown...
[[0;32m  OK  [0m] Started Update UTMP about System Boot/Shutdown.
[[0;32m  OK  [0m] Found device 82540EM Gigabit Ethern...r (PRO/1000 MT Desktop Adapter).
[[0;32m  OK  [0m] Started Set console font and keymap.
[[0;32m  OK  [0m] Created slice system-getty.slice.
[[0;32m  OK  [0m] Started LSB: AppArmor initialization.
[[0;32m  OK  [0m] Listening on Load/Save RF Kill Switch Status /dev/rfkill Watch.
[[0;32m  OK  [0m] Started LSB: Squid HTTP Proxy version 3.x.
[   18.536133] cloud-init[439]: Cloud-init v. 0.7.9 running 'init-local' at Wed, 08 Mar 2017 20:34:27 +0000. Up 17.98 seconds.
[[0;32m  OK  [0m] Started Initial cloud-init job (pre-networking).
[[0;32m  OK  [0m] Reached target Network (Pre).
[[0;32m  OK  [0m] Started ifup for enp0s3.
         Starting Raise network interfaces...
[[0;32m  OK  [0m] Started Raise network interfaces.
         Starting Initial cloud-init job (metadata service crawler)...
[[0;32m  OK  [0m] Reached target Network.
[   19.866404] cloud-init[1151]: Cloud-init v. 0.7.9 running 'init' at Wed, 08 Mar 2017 20:34:28 +0000. Up 19.39 seconds.
[   19.888892] cloud-init[1151]: ci-info: +++++++++++++++++++++++++++++++++++++Net device info++++++++++++++++++++++++++++++++++++++
[   19.892001] cloud-init[1151]: ci-info: +--------+------+----------------------------+---------------+-------+-------------------+
[   19.895271] cloud-init[1151]: ci-info: | Device |  Up  |          Address           |      Mask     | Scope |     Hw-Address    |
[   19.899440] cloud-init[1151]: ci-info: +--------+------+----------------------------+---------------+-------+-------------------+
[   19.901346] cloud-init[1151]: ci-info: |   lo   | True |         127.0.0.1          |   255.0.0.0   |   .   |         .         |
[   19.904469] cloud-init[1151]: ci-info: |   lo   | True |          ::1/128           |       .       |  host |         .         |
[   19.907537] cloud-init[1151]: ci-info: | enp0s3 | True |         10.0.2.15          | 255.255.255.0 |   .   | 02:5e:4b:b2:97:11 |
[   19.910608] cloud-init[1151]: ci-info: | enp0s3 | True | fe80::5e:4bff:feb2:9711/64 |       .       |  link | 02:5e:4b:b2:97:11 |
[   19.912528] cloud-init[1151]: ci-info: +--------+------+----------------------------+---------------+-------+-------------------+
[   19.914507] cloud-init[1151]: ci-info: +++++++++++++++++++++++++++Route IPv4 info++++++++++++++++++++++++++++
[   19.917431] cloud-init[1151]: ci-info: +-------+-------------+----------+---------------+-----------+-------+
[   19.925708] cloud-init[1151]: ci-info: | Route | Destination | Gateway  |    Genmask    | Interface | Flags |
[   19.929798] cloud-init[1151]: ci-info: +-------+-------------+----------+---------------+-----------+-------+
[   19.932873] cloud-init[1151]: ci-info: |   0   |   0.0.0.0   | 10.0.2.2 |    0.0.0.0    |   enp0s3  |   UG  |
[   19.935772] cloud-init[1151]: ci-info: |   1   |   10.0.2.0  | 0.0.0.0  | 255.255.255.0 |   enp0s3  |   U   |
[   19.939677] cloud-init[1151]: ci-info: +-------+-------------+----------+---------------+-----------+-------+
[   19.940332] cloud-init[1151]: ci-info: ++++++++++++++++++++++++++++++++++Route IPv6 info++++++++++++++++++++++++++++++++++
[   19.940517] cloud-init[1151]: ci-info: +-------+-------+--------+--------+---------------+-----------------+-------------+
[   19.940685] cloud-init[1151]: ci-info: | Route | Proto | Recv-Q | Send-Q | Local Address | Foreign Address |    State    |
[   19.940853] cloud-init[1151]: ci-info: +-------+-------+--------+--------+---------------+-----------------+-------------+
[   19.941022] cloud-init[1151]: ci-info: |   0   |  udp6 |   0    |   0    |   ::1:35554   |    ::1:58141    | ESTABLISHED |
[   19.941214] cloud-init[1151]: ci-info: |   1   |  udp6 |   0    |   0    |   ::1:58141   |    ::1:35554    | ESTABLISHED |
[   19.941528] cloud-init[1151]: ci-info: |   2   |  udp6 |   0    |   0    |   ::1:57238   |    ::1:55292    | ESTABLISHED |
[   19.941827] cloud-init[1151]: ci-info: +-------+-------+--------+--------+---------------+-----------------+-------------+
[[0;32m  OK  [0m] Started Initial cloud-init job (metadata service crawler).
[[0;32m  OK  [0m] Reached target Cloud-config availability.
[[0;32m  OK  [0m] Reached target Network is Online.
         Starting iSCSI initiator daemon (iscsid)...
[[0;32m  OK  [0m] Reached target System Initialization.
[[0;32m  OK  [0m] Listening on ACPID Listen Socket.
[[0;32m  OK  [0m] Started Daily apt activities.
[[0;32m  OK  [0m] Listening on D-Bus System Message Bus Socket.
[[0;32m  OK  [0m] Listening on UUID daemon activation socket.
[[0;32m  OK  [0m] Started Daily Cleanup of Temporary Directories.
[[0;32m  OK  [0m] Started Trigger resolvconf update for networkd DNS.
         Starting Socket activation for snappy daemon.
[[0;32m  OK  [0m] Started ACPI Events Check.
[[0;32m  OK  [0m] Reached target Paths.
         Starting LXD - unix socket.
[[0;32m  OK  [0m] Started Timer to automatically refresh installed snaps.
[[0;32m  OK  [0m] Reached target Timers.
[[0;32m  OK  [0m] Listening on Socket activation for snappy daemon.
[[0;32m  OK  [0m] Listening on LXD - unix socket.
[[0;32m  OK  [0m] Reached target Sockets.
[[0;32m  OK  [0m] Reached target Basic System.
[[0;32m  OK  [0m] Started Snappy daemon.
[[0;32m  OK  [0m] Started D-Bus System Message Bus.
         Starting Accounts Service...
         Starting System Logging Service...
[[0;32m  OK  [0m] Started Deferred execution scheduler.
[[0;32m  OK  [0m] Started BIND Domain Name Server.
[[0;32m  OK  [0m] Reached target Host and Network Name Lookups.
         Starting Auto import assertions from block devices...
[[0;32m  OK  [0m] Started FUSE filesystem for LXC.
[[0;32m  OK  [0m] Started Regular background program processing daemon.
         Starting OpenBSD Secure Shell server...
         Starting Apply the settings specified in cloud-config...
         Starting LXD - container startup/shutdown...
[[0;32m  OK  [0m] Started ACPI event daemon.
         Starting /etc/rc.local Compatibility...
         Starting LSB: Record successful boot for GRUB...
         Starting Login Service...
         Starting LSB: MD monitoring daemon...
[[0;32m  OK  [0m] Started iSCSI initiator daemon (iscsid).
[[0;32m  OK  [0m] Started Auto import assertions from block devices.
[[0;32m  OK  [0m] Started /etc/rc.local Compatibility.
         Starting Login to default iSCSI targets...
[[0;32m  OK  [0m] Started Login Service.
[[0;32m  OK  [0m] Started LSB: Record successful boot for GRUB.
[[0;32m  OK  [0m] Started LSB: MD monitoring daemon.
[[0;32m  OK  [0m] Started Login to default iSCSI targets.
[[0;32m  OK  [0m] Reached target Remote File Systems (Pre).
[[0;32m  OK  [0m] Reached target Remote File Systems.
         Starting Permit User Sessions...
         Starting LSB: automatic crash report generation...
         Starting LSB: daemon to balance interrupts for SMP systems...
         Starting LSB: VirtualBox Linux Additions...
         Starting LSB: Set the CPU Frequency Scaling governor to "ondemand"...
[[0;32m  OK  [0m] Started System Logging Service.
[[0;32m  OK  [0m] Started LSB: Set the CPU Frequency Scaling governor to "ondemand".
[[0;32m  OK  [0m] Started Permit User Sessions.
         Starting Terminate Plymouth Boot Screen...
         Starting Hold until boot process finishes up...
[[0;32m  OK  [0m] Started Hold until boot process finishes up.
[[0;32m  OK  [0m] Started Terminate Plymouth Boot Screen.
         Starting Set console scheme...
[[0;32m  OK  [0m] Started Getty on tty1.
[[0;32m  OK  [0m] Started Serial Getty on ttyS0.
[[0;32m  OK  [0m] Reached target Login Prompts.
[[0;32m  OK  [0m] Started Set console scheme.
[[0;32m  OK  [0m] Started OpenBSD Secure Shell server.
[[0;32m  OK  [0m] Started LSB: daemon to balance interrupts for SMP systems.
[   21.765354] cloud-init[1230]: Cloud-init v. 0.7.9 running 'modules:config' at Wed, 08 Mar 2017 20:34:30 +0000. Up 21.05 seconds.
[[0;32m  OK  [0m] Started LSB: automatic crash report generation.
[[0;32m  OK  [0m] Started Apply the settings specified in cloud-config.
         Starting Authenticate and Authorize Users to Run Privileged Tasks...
[[0;32m  OK  [0m] Started LSB: VirtualBox Linux Additions.
[[0;32m  OK  [0m] Started Authenticate and Authorize Users to Run Privileged Tasks.
[[0;32m  OK  [0m] Started Accounts Service.
[[0;32m  OK  [0m] Started LXD - container startup/shutdown.
[[0;32m  OK  [0m] Reached target Multi-User System.
         Starting Execute cloud user/final scripts...
[[0;32m  OK  [0m] Reached target Graphical Interface.
         Starting Update UTMP about System Runlevel Changes...
[[0;32m  OK  [0m] Started Update UTMP about System Runlevel Changes.
[   23.454909] cloud-init[1386]: Cloud-init v. 0.7.9 running 'modules:final' at Wed, 08 Mar 2017 20:34:32 +0000. Up 23.31 seconds.
[   23.477308] cloud-init[1386]: Cloud-init v. 0.7.9 finished at Wed, 08 Mar 2017 20:34:32 +0000. Datasource DataSourceNoCloud [seed=/dev/sdb][dsmode=net].  Up 23.44 seconds
[[0;32m  OK  [0m] Started Execute cloud user/final scripts.
[[0;32m  OK  [0m] Reached target Cloud-init target.

Ubuntu 16.04.2 LTS ubuntu-xenial ttyS0

ubuntu-xenial login: [8           À  À              üä             €   Aýÿÿ    :ýÿ3íEî         .«]ì  ÀRÆ_ì                  à¦…ì   DA¢Áÿÿ @ÿ    ÀSÆ_ì  ÀSÆ_ì  @RÆ_ì   VÆ_ì  U7·]ì  €   ÿÿÿ    :ýÿÓ;²déN     0000000000002/0 softirq=118307/118307 fqs=0 
[86747.805653] 	[86747.805714] rcu_sched kthread starved for 19572 jiffies! g64152 c64151 f0x0 s3 ->state=0x1

[86760.952005] 	1-...: (2 ticks this GP) idle=deb/140000000000002/0 softirq=118307/118307 fqs=0 
[86760.953767] 	 (t=19572 jiffies g=64152 c=64151 q=40)
[86760.960844] rcu_sched kthread starved for 19572 jiffies! g64152 c64151 f0x2 s3 ->state=0x100
[8ø      gg Á °                     À  À              üä             €   Aýÿÿ    :ýÿ3íEî         .«]ì  ÀRÆ_ì                  à¦…ì   DA¢Áÿÿ @ÿ    ÀSÆ_ì  ÀSÆ_ì  @RÆ_ì   VÆ_ì  U7·]ì  €   ÿÿÿ    :ýÿî™ˆO     e=5e3/2/0 softirq=118335/118337 fqs=2 
[86989.040885] 	[86989.040924] rcu_sched kthread starved for 10966 jiffies! g64174 c64173 f0x0 s3 ->state=0x1

[86991.641540] 	1-...: (1 GPs behind) idle=5e3/2/0 softirq=118335/118337 fqs=3 
[86991.969525] 	 (t=17945 jiffies g=64174 c=64173 q=8)
[87181.960120] NMI watchdog: BUG: soft lockup - CPU#0 stuck for 37s! [memballoon:1376]
[87187.122451] NMI watchdog: BUG: soft lockup - CPU#1 stuck for 27s! [vminfo:1374]
[8ø     À  À              üä             €   Aýÿÿ    :ýÿ3íEî         .«]ì  ÀRÆ_ì                  à¦…ì   DA¢Áÿÿ @ÿ    ÀSÆ_ì  ÀSÆ_ì  @RÆ_ì   VÆ_ì  U7·]ì  €   ÿÿÿ    :ýÿË\	fÃO     : BUG: soft lockup - CPU#0 stuck for 28s! [vmstats:1377]
[87739.074089] NMI watchdog: BUG: soft lockup - CPU#1 stuck for 141s! [vminfo:1374]
[87739.074900] systemd[1]: systemd-logind.service: Watchdog timeout (limit 3min)!
[87739.075102] systemd[1]: systemd-udevd.service: Watchdog timeout (limit 3min)!
[87743.482915] INFO: rcu_sched self-detected stall on CPU
[87743.484027] 	0-...: (1 GPs behind) idle=7cf/140000000000001/0 softirq=63799/63799 fqs=0 
[87743.488975] INFO: rcu_sched detected stalls on CPUs/tasks:
[87743.488978] 	0-...: (1 GPs behind) idle=7cf/140000000000001/0 softirq=63799/63799 fqs=0 
[87743.488980] 	(detected by 1, t=30627 jiffies, g=64259, c=64258, q=18)
[87743.489042] rcu_sched kthread starved for 30627 jiffies! g64259 c64258 f0x0 s3 ->state=0x1
[87743.498418] 	 (t=30627 jiffies g=64259 c=64258 q=24)
[8880.632567] NMI watchdog: BUG: soft lockup - CPU#1 stuck for 21s! [swapper/1:0]
[87880.632643] NMI watchdog: BUG: soft lockup - CPU#0 stuck for 21s! [vminfo:1374]
[88387.933833] NMI watchdog: BUG: soft lockup - CPU#0 stuck for 24s! [swapper/0:0]
[88662.272144] NMI watchdog: BUG: soft lockup - CPU#1 stuck for 357s! [swapper/1:0]
[88      üä        