[  0.000000] Initializing cgrop subsys cpuset
[    0.000000] Initializing cgroup subsys cpu
[    0.000000] Initializing cgroup subsys cpuacct
[    0.000000] Linux version 4.4.0-64-generic (buildd@lgw01-56) (gcc version 5.4.0 20160609 (Ubuntu 5.4.0-6ubuntu1~16.04.4) ) #85-Ubuntu SMP Mon Feb 20 11:50:30 UTC 2017 (Ubuntu 4.4.0-64.85-generic 4.4.44)
[    0.000000] Command line: BOOT_IMAGE=/boot/vmlinuz-4.4.0-64-generic root=LABEL=cloudimg-rootfs ro console=tty1 console=ttyS0
[    0.000000] KERNEL supported cpus:
[    0.000000]   Intel GenuineIntel
[    0.000000]   AMD AuthenticAMD
[    0.000000]   Centaur CentaurHauls
[    0.000000] x86/fpu: xstate_offset[2]:  576, xstate_sizes[2]: 256
[    0.000000] x86/fpu: Supporting XSAVE feature 0x01: 'x87 floating point registers'
[    0.000000] x86/fpu: Supporting XSAVE feature 0x02: 'SSE registers'
[    0.000000] x86/fpu: Supporting XSAVE feature 0x04: 'AVX registers'
[    0.000000] x86/fpu: Enabled xstate features 0x7, context size is 832 bytes, using 'standard' format.
[    0.000000] x86/fpu: Using 'lazy' FPU context switches.
[    0.000000] e820: BIOS-provided physical RAM map:
[    0.000000] BIOS-e820: [mem 0x0000000000000000-0x000000000009fbff] usable
[    0.000000] BIOS-e820: [mem 0x000000000009fc00-0x000000000009ffff] reserved
[    0.000000] BIOS-e820: [mem 0x00000000000f0000-0x00000000000fffff] reserved
[    0.000000] BIOS-e820: [mem 0x0000000000100000-0x000000003ffeffff] usable
[    0.000000] BIOS-e820: [mem 0x000000003fff0000-0x000000003fffffff] ACPI data
[    0.000000] BIOS-e820: [mem 0x00000000fffc0000-0x00000000ffffffff] reserved
[    0.000000] NX (Execute Disable) protection: active
[    0.000000] SMBIOS 2.5 present.
[    0.000000] Hypervisor detected: KVM
[    0.000000] e820: last_pfn = 0x3fff0 max_arch_pfn = 0x400000000
[    0.000000] MTRR: Disabled
[    0.000000] x86/PAT: MTRRs disabled, skipping PAT initialization too.
[    0.000000] x86/PAT: Configuration [0-7]: WB  WT  UC- UC  WB  WT  UC- UC  
[    0.000000] CPU MTRRs all blank - virtualized system.
[    0.000000] found SMP MP-table at [mem 0x0009fff0-0x0009ffff] mapped at [ffff88000009fff0]
[    0.000000] Scanning 1 areas for low memory corruption
[    0.000000] RAMDISK: [mem 0x36af0000-0x3756ffff]
[    0.000000] ACPI: Early table checksum verification disabled
[    0.000000] ACPI: RSDP 0x00000000000E0000 000024 (v02 VBOX  )
[    0.000000] ACPI: XSDT 0x000000003FFF0030 00003C (v01 VBOX   VBOXXSDT 00000001 ASL  00000061)
[    0.000000] ACPI: FACP 0x000000003FFF00F0 0000F4 (v04 VBOX   VBOXFACP 00000001 ASL  00000061)
[    0.000000] ACPI: DSDT 0x000000003FFF0470 002118 (v01 VBOX   VBOXBIOS 00000002 INTL 20160108)
[    000000] ACPI: FACS 0x000000003FFF0200 000040
[    0.00000] ACPI: FACS 0x000000003FFF0200 000040
[    0.000000] ACPI: APIC 0x000000003FFF0240 00005C (v02 VBOX   VBOXAPIC 00000001 ASL  00000061)
[    0.000000] ACPI: SSDT 0x000000003FFF02A0 0001CC (v01 VBOX   VBOXCPUT 00000002 INTL 20160108)
[    0.000000] No NUMA configuration found
[    0.000000] Faking a node at [mem 0x0000000000000000-0x000000003ffeffff]
[    0.000000] NODE_DATA(0) allocated [mem 0x3ffeb000-0x3ffeffff]
[    0.000000] kvm-clock: Using msrs 4b564d01 and 4b564d00
[    0.000000] kvm-clock: cpu 0, msr 0:3ffe3001, primary cpu clock
[    0.000000] kvm-clock: using sched offset of 3270175568 cycles
[    0.000000] clocksource: kvm-clock: mask: 0xffffffffffffffff max_cycles: 0x1cd42e4dffb, max_idle_ns: 881590591483 ns
[    0.000000] Zone ranges:
[    0.000000]   DMA      [mem 0x0000000000001000-0x0000000000ffffff]
[    0.000000]   DMA32    [mem 0x0000000001000000-0x000000003ffeffff]
[    0.000000]   Normal   empty
[    0.000000]   Device   empty
[    0.000000] Movable zone start for each node
[    0.000000] Early memory node ranges
[    0.000000]   node   0: [mem 0x0000000000001000-0x000000000009efff]
[    0.000000]   node   0: [mem 0x0000000000100000-0x000000003ffeffff]
[    0.000000] Initmem setup node 0 [mem 0x0000000000001000-0x000000003ffeffff]
[    0.000000] ACPI: PM-Timer IO Port: 0x4008
[    0.000000] IOAPIC[0]: apic_id 2, version 17, address 0xfec00000, GSI 0-23
[    0.000000] ACPI: INT_SRC_OVR (bus 0 bus_irq 0 global_irq 2 dfl dfl)
[    0.000000] ACPI: INT_SRC_OVR (bus 0 bus_irq 9 global_irq 9 high level)
[    0.000000] Using ACPI (MADT) for SMP configuration information
[    0.000000] smpboot: Allowing 2 CPUs, 0 hotplug CPUs
[    0.000000] PM: Registered nosave memory: [mem 0x00000000-0x00000fff]
[    0.000000] PM: Registered nosave memory: [mem 0x0009f000-0x0009ffff]
[    0.000000] PM: Registered nosave memory: [mem 0x000a0000-0x000effff]
[    0.000000] PM: Registered nosave memory: [mem 0x000f0000-0x000fffff]
[    0.000000] e820: [mem 0x40000000-0xfffbffff] available for PCI devices
[    0.000000] Booting paravirtualized kernel on KVM
[    0.000000] clocksource: refined-jiffies: mask: 0xffffffff max_cycles: 0xffffffff, max_idle_ns: 7645519600211568 ns
[    0.000000] setup_percpu: NR_CPUS:512 nr_cpumask_bits:512 nr_cpu_ids:2 nr_node_ids:1
[    0.000000] PERCPU: Embedded 33 pages/cpu @ffff88003fc00000 s98264 r8192 d28712 u1048576
[    0.000000] PV qspinlock hash table entries: 256 (order: 0, 4096 bytes)
[    0.000000] Built 1 zonelists in Node order, mobility grouping on.  Total pages: 257913
[    0.000000] Policy zone: DMA32
[    0.000000] Kernel command line: BOOT_IMAGE=/boot/vmlinuz-4.4.0-64-generic root=LABEL=cloudimg-rootfs ro console=tty1 console=ttyS0
[    0.000000] PID hash table entries: 4096 (order: 3, 32768 bytes)
[    0.000000] Memory: 1001824K/1048120K available (8452K kernel code, 1293K rwdata, 3980K rodata, 1488K init, 1316K bss, 46296K reserved, 0K cma-reserved)
[    0.000000] SLUB: HWalign=64, Order=0-3, MinObjects=0, CPUs=2, Nodes=1
[    0.000000] Hierarchical RCU implementation.
[    0.000000] 	Build-time adjustment of leaf fanout to 64.
[    0.000000] 	RCU restricting CPUs from NR_CPUS=512 to nr_cpu_ids=2.
[    0.000000] RCU: Adjusting geometry for rcu_fanout_leaf=64, nr_cpu_ids=2
[    0.000000] NR_IRQS:33024 nr_irqs:440 16
[    0.000000] Console: colour VGA+ 80x25
[    0.000000] console [tty1] enabled
[    0.000000] console [ttyS0] enabled
[    0.000000] tsc: Detected 3292.518 MHz processor
[    0.870029] Calibrating delay loop (skipped) preset value.. 6585.03 BogoMIPS (lpj=13170072)
[    0.871899] pid_max: default: 32768 minimum: 301
[    0.872903] ACPI: Core revision 20150930
[    0.874968] ACPI: 2 ACPI AML tables successfully acquired and loaded
[    0.943779] Security Framework initialized
[    0.944489] Yama: becoming mindful.
[    0.945148] AppArmor: AppArmor initialized
[    0.945935] Dentry cache hash table entries: 131072 (order: 8, 1048576 bytes)
[    0.964306] Inode-cache hash table entries: 65536 (order: 7, 524288 bytes)
[    0.979743] Mount-cache hash table entries: 2048 (order: 2, 16384 bytes)
[    0.991628] Mountpoint-cache hash table entries: 2048 (order: 2, 16384 bytes)
[    0.993207] Initializing cgroup subsys io
[    0.994114] Initializing cgroup subsys memory
[    0.995089] Initializing cgroup subsys devices
[    0.996046] Initializing cgroup subsys freezer
[    0.997002] Initializing cgroup subsys net_cls
[    0.998005] Initializing cgroup subsys perf_event
[    0.999024] Initializing cgroup subsys net_prio
[    1.003092] Initializing cgroup subsys hugetlb
[    1.004045] Initializing cgroup subsys pids
[    1.005035] CPU: Physical Processor ID: 0
[    1.005931] CPU: Processor Core ID: 0
[    1.006801] mce: CPU supports 0 MCE banks
[    1.007712] Last level iTLB entries: 4KB 512, 2MB 8, 4MB 8
[    1.008834] Last level dTLB entries: 4KB 512, 2MB 32, 4MB 32, 1GB 0
[    1.011987] Freeing SMP alternatives memory: 32K (ffffffff820b9000 - ffffffff820c1000)
[    1.021897] ftrace: allocating 32123 entries in 126 pages
[    1.067571] smpboot: APIC(0) Converting physical 0 to logical package 0
[    1.074154] smpboot: Max logical packages: 1
[    1.076336] ..TIMER: vector=0x30 apic1=0 pin1=2 apic2=-1 pin2=-1
[    1.182791] smpboot: CPU0: Intel(R) Core(TM) i3-2120 CPU @ 3.30GHz (family: 0x6, model: 0x2a, stepping: 0x7)
[    1.195484] Performance Events: unsupported p6 CPU model 42 no PMU driver, software events only.
[    1.243951] KVM setup paravirtual spinlock
[    1.246237] x86: Booting SMP configuration:
[    1.251688] .... node  #0, CPUs:      #1
[    1.253030] kvm-clock: cpu 1, msr 0:3ffe3041, secondary cpu clock
[    1.260694] mce: CPU supports 0 MCE banks
[    1.263803] x86: Booted up 1 node, 2 CPUs
[    1.270024] smpboot: Total of 2 processors activated (13170.07 BogoMIPS)
[    1.272900] devtmpfs: initialized
[    1.276186] evm: security.selinux
[    1.276973] evm: security.SMACK64
[    1.277752] evm: security.SMACK64EXEC
[    1.278600] evm: security.SMACK64TRANSMUTE
[    1.279500] evm: security.SMACK64MMAP
[    1.280334] evm: security.ima
[    1.281055] evm: security.capability
[    1.282087] clocksource: jiffies: mask: 0xffffffff max_cycles: 0xffffffff, max_idle_ns: 7645041785100000 ns
[    1.284272] pinctrl core: initialized pinctrl subsystem
[    1.285464] RTC time: 11:40:28, date: 03/07/17
[    1.287085] NET: Registered protocol family 16
[    1.298384] cpuidle: using governor ladder
[    1.310440] cpuidle: using governor menu
[    1.318188] PCCT header not found.
[    1.319065] ACPI: bus type PCI registered
[    1.319950] acpiphp: ACPI Hot Plug PCI Controller Driver version: 0.5
[    1.321345] PCI: Using configuration type 1 for base access
[    1.335429] ACPI: Added _OSI(Module Device)
[    1.337441] ACPI: Added _OSI(Processor Device)
[    1.339509] ACPI: Added _OSI(3.0 _SCP Extensions)
[    1.343399] ACPI: Added _OSI(Processor Aggregator Device)
[    1.345134] ACPI: Executed 1 blocks of module-level executable AML code
[    1.348250] ACPI: Interpreter enabled
[    1.349109] ACPI: (supports S0 S5)
[    1.349912] ACPI: Using IOAPIC for interrupt routing
[    1.363714] PCI: Using host bridge windows from ACPI; if necessary, use "pci=nocrs" and report a bug
[    1.442621] ACPI: PCI Root Bridge [PCI0] (domain 0000 [bus 00-ff])
[    1.475558] acpi PNP0A03:00: _OSC: OS supports [ASPM ClockPM Segments MSI]
[    1.476553] acpi PNP0A03:00: _OSC failed (AE_NOT_FOUND); disabling ASPM
[    1.477546] acpi PNP0A03:00: fail to add MMCONFIG information, can't access extended PCI configuration space under this bridge.
[    1.479508] PCI host bridge to bus 0000:00
[    1.480208] pci_bus 0000:00: root bus resource [io  0x0000-0x0cf7 window]
[    1.481232] pci_bus 0000:00: root bus resource [io  0x0d00-0xffff window]
[    1.482219] pci_bus 0000:00: root bus resource [mem 0x000a0000-0x000bffff window]
[    1.484569] pci_bus 0000:00: root bus resource [mem 0x40000000-0xffdfffff window]
[    1.485858] pci_bus 0000:00: root bus resource [bus 00-ff]
[    1.488030] pci 0000:00:01.1: legacy IDE quirk: reg 0x10: [io  0x01f0-0x01f7]
[    1.489069] pci 0000:00:01.1: legacy IDE quirk: reg 0x14: [io  0x03f6]
[    1.490045] pci 0000:00:01.1: legacy IDE quirk: reg 0x18: [io  0x0170-0x0177]
[    1.492157] pci 0000:00:01.1: legacy IDE quirk: reg 0x1c: [io  0x0376]
[    1.528881] ACPI: PCI Interrupt Link [LNKA] (IRQs 5 9 10 11) *0, disabled.
[    1.549374] ACPI: PCI Interrupt Link [LNKB] (IRQs 5 9 10 *11)
[    1.551755] ACPI: PCI Interrupt Link [LNKC] (IRQs 5 9 *10 11)
[    1.553063] ACPI: PCI Interrupt Link [LNKD] (IRQs 5 *9 10 11)
[    1.555466] ACPI: Enabled 2 GPEs in block 00 to 07
[    1.556713] vgaarb: setting as boot device: PCI:0000:00:02.0
[    1.557577] vgaarb: device added: PCI:0000:00:02.0,decodes=io+mem,owns=io+mem,locks=none
[    1.560002] vgaarb: loaded
[    1.570577] vgaarb: bridge control possible 0000:00:02.0
[    1.575824] SCSI subsystem initialized
[    1.576712] ACPI: bus type USB registered
[    1.577431] usbcore: registered new interface driver usbfs
[    1.578334] usbcore: registered new interface driver hub
[    1.601160] usbcore: registered new device driver usb
[    1.602365] PCI: Using ACPI for IRQ routing
[    1.604389] NetLabel: Initializing
[    1.605052] NetLabel:  domain hash size = 128
[    1.605784] NetLabel:  protocols = UNLABELED CIPSOv4
[    1.607665] NetLabel:  unlabeled traffic allowed by default
[    1.609728] amd_nb: Cannot enumerate AMD northbridges
[    1.610587] clocksource: Switched to clocksource kvm-clock
[    1.618447] AppArmor: AppArmor Filesystem Enabld[   1.815854] pnp: PnP ACPI init
[    1.876874] pnp: PnP ACPI: found 3 devices
[  189735] clocksource: acpi_pm: mask:0xfff axcyle: xffff,ma_idle_ns: 2085701024 ns
[   2.275470] NET: Registered protocol amily 2

[    2.353507] TCP established hash table entries: 8192 (order: 4, 65536 bytes)
[    2.354579] TCP bind hash table entries: 8192 (order: 5, 131072 bytes)
[    2.355608] TCP: Hash tables configured (established 8192 bind 8192)
[    2.356573] UDP hash table entries: 512 (order: 2, 16384 bytes)
[    2.357469] UDP-Lite hash table entries: 512 (order: 2, 16384 bytes)
[    2.358462] NET: Registered protocol family 1
[    2.359233] pci 0000:00:00.0: Limiting direct PCI/PCI transfers
[    2.360143] pci 0000:00:01.0: Activating ISA DMA hang workarounds
[  2.361622] Trying to unpack rootfs image as initramfs...

[  467881] Freeing initrd memory: 10752K (ffff880036af0000 - ffff880037570000)

[    4.175578] RAPL PMU detected, API unit is 2^-32 Joules, 3 fixed counters 10737418240 ms ovfl timer
[    4.177479] hw unit of domain pp0-core 2^-0 Joules
[    4.179592] hw unit of domain package 2^-0 Joules
[    4.180597] hw unit of domain pp1-gpu 2^-0 Joules
[    4.181669] platform rtc_cmos: registered platform RTC device (no PNP device found)
[    4.183445] Scanning for low memory corruption every 60 seconds
[    4.185045] futex hash table entries: 512 (order: 3, 32768 bytes)
[    4.189097] audit: initializing netlink subsys (disabled)
[    4.190234] audit: type=2000 audit(1488886834.642:1): initialized
[    4.217053] Initialise system trusted keyring
[    4.218277] HugeTLB registered 2 MB page size, pre-allocated 0 pages
[    4.222680] zbud: loaded
[    4.236529] VFS: Disk quotas dquot_6.6.0
[    4.237486] VFS: Dquot-cache hash table entries: 512 (order 0, 4096 bytes)
[    4.240425] squashfs: version 4.0 (2009/01/31) Phillip Lougher
[    4.259284] fuse init (API version 7.23)
[    4.260292] Key type big_key registered
[    4.261177] Allocating IMA MOK and blacklist keyrings.
[    4.264354] Key type asymmetric registered
[    4.265272] Asymmetric key parser 'x509' registered
[    4.266353] Block layer SCSI generic (bsg) driver version 0.4 loaded (major 249)
[    4.269435] io scheduler noop registered
[    4.270341] io scheduler deadline registered (default)
[    4.288185] io scheduler cfq registered
[    4.289179] pci_hotplug: PCI Hot Plug PCI Core version: 0.5
[    4.290350] pciehp: PCI Express Hot Plug Controller Driver version: 0.4
[    4.358690] ACPI: AC Adapter [AC] (on-line)
[    4.359687] input: Power Button as /devices/LNXSYSTM:00/LNXPWRBN:00/input/input0
[    4.361342] ACPI: Power Button [PWRF]
[    4.362374] input: Sleep Button as /devices/LNXSYSTM:00/LNXSLPBN:00/input/input1
[    4.379641] ACPI: Sleep Button [SLPF]
[    4.380720] GHES: HEST is not enabled!
[    4.381679] Serial: 8250/16550 driver, 32 ports, IRQ sharing enabled
[    4.404455] 00:02: ttyS0 at I/O 0x3f8 (irq = 4, base_baud = 115200) is a 16550A
[    4.407168] Linux agpgart interface v0.103
[    4.411209] brd: module loaded
[    4.419925] loop: module loaded
[    4.459824] scsi host0: ata_piix
[    4.466320] scsi host1: ata_piix
[    4.468716] ata1: PATA max UDMA/33 cmd 0x1f0 ctl 0x3f6 bmdma 0xd000 irq 14
[    4.470085] ata2: PATA max UDMA/33 cmd 0x170 ctl 0x376 bmdma 0xd008 irq 15
[    4.471636] libphy: Fixed MDIO Bus: probed
[    4.488968] tun: Universal TUN/TAP device driver, 1.6
[    4.509028] tun: (C) 1999-2004 Max Krasnyansky <maxk@qualcomm.com>
[    4.510371] PPP generic driver version 2.4.2
[    4.511424] ehci_hcd: USB 2.0 'Enhanced' Host Controller (EHCI) Driver
[    4.512733] ehci-pci: EHCI PCI platform driver
[    4.513714] ehci-platform: EHCI generic platform driver
[    4.514819] ohci_hcd: USB 1.1 'Open' Host Controller (OHCI) Driver
[    4.516103] ohci-pci: OHCI PCI platform driver
[    4.518678] ohci-platform: OHCI generic platform driver
[    4.519812] uhci_hcd: USB Universal Host Controller Interface driver
[    4.521145] i8042: PNP: PS/2 Controller [PNP0303:PS2K,PNP0f03:PS2M] at 0x60,0x64 irq 1,12
[    4.523452] serio: i8042 KBD port at 0x60,0x64 irq 1
[    4.524519] serio: i8042 AUX port at 0x60,0x64 irq 12
[    4.525696] mousedev: PS/2 mouse device common for all mice
[    4.527557] rtc_cmos rtc_cmos: rtc core: registered rtc_cmos as rtc0
[    4.534294] input: AT TranslatedSSet 2 keyboard as /devices/platform/i8042/serio0/input/input2
[    4.670706] rtc_cmos rtc_cmos: alarms up to one day, 114 bytes nvram
[    4.672033] i2c /dev entries driver
[    4.672922] device-mapper: uevent: version 1.0.3
[    4.674011] device-mapper: ioctl: 4.34.0-ioctl (2015-10-28) initialised: dm-devel@redhat.com
[    4.675892] ledtrig-cpu: registered to indicate activity on CPUs
[    4.677782] NET: Registered protocol family 10
[    4.680337] NET: Registered protocol family 17
[    4.681315] Key type dns_resolver registered
[    4.682449] microcode: CPU0 sig=0x206a7, pf=0x10, revision=0x0
[    4.683909] microcode: CPU1 sig=0x206a7, pf=0x10, revision=0x0
[    4.685126] microcode: Microcode Update Driver: v2.01 <tigran@aivazian.fsnet.co.uk>, Peter Oruba
[    4.687117] registered taskstats version 1
[    4.688096] Loading compiled-in X.509 certificates
[    4.692361] Loaded X.509 cert 'Build time autogenerated kernel key: 11f495fa9f4186f263f5fd144a167c99990e2f12'
[    4.694421] zswap: loaded using pool lzo/zbud
[    4.697102] Key type trusted registered
[    4.703286] Key type encrypted registered
[    4.708848] AppArmor: AppArmor sha1 policy hashing enabled
[    4.710008] ima: No TPM chip found, activating TPM-bypass!
[    4.711222] evm: HMAC attrs: 0x1
[    4.712291]   Magic number: 9:803:680
[    4.713256] rtc_cmos rtc_cmos: setting system clock to 2017-03-07 11:40:31 UTC (1488886831)
[    4.715280] BIOS EDD facility v0.16 2004-Jun-25, 0 devices found
[    4.716495] EDD information not available.
[    4.718861] Freeing unused kernel memory: 1488K (ffffffff81f45000 - ffffffff820b9000)
[    4.722619] Write protecting the kernel read-only data: 14336k
[    4.724494] Freeing unused kernel memory: 1776K (ffff880001844000 - ffff880001a00000)
[    4.729971] Freeing unused kernel memory: 116K (ffff880001de3000 - ffff880001e00000)
Loading, please wait...
starting version[    4.747038] random: systemd-udevd: uninitialized urandom read (16 bytes read, 2 bits of entropy available)
 229
[    4.748241] random: udevadm: uninitialized urandom read (16 bytes read, 2 bits of entropy available)
[    4.748304] random: udevadm: uninitialized urandom read (16 bytes read, 2 bits of entropy available)
[    4.748503] random: udevadm: uninitialized urandom read (16 bytes read, 2 bits of entropy available)
[    4.748586] random: udevadm: uninitialized urandom read (16 bytes read, 2 bits of entropy available)
[    4.748662] random: udevadm: uninitialized urandom read (16 bytes read, 2 bits of entropy available)
[    4.748741] random: udevadm: uninitialized urandom read (16 bytes read, 2 bits of entropy available)
[    4.748819] random: udevadm: uninitialized urandom read (16 bytes read, 2 bits of entropy available)
[    4.749089] random: udevadm: uninitialized urandom read (16 bytes read, 2 bits of entropy available)
[    4.749167] random: udevadm: uninitialized urandom read (16 bytes read, 2 bits of entropy available)
[    5.239001] tsc: Refined TSC clocksource calibration: 3293.425 MHz
[    5.239003] clocksource: tsc: mask: 0xffffffffffffffff max_cycles: 0x2f7908b5ec4, max_idle_ns: 440795210885 ns
[    5.822851] e1000: Intel(R) PRO/1000 Network Driver - version 7.3.21-k8-NAPI
[    5.836706] e1000: Copyright (c) 1999-2006 Intel Corporation.
[    5.849126] Fusion MPT base driver 3.04.20
[    5.855830] Copyright (c) 1999-2008 LSI Corporation
[    5.869752] Fusion MPT SPI Host driver 3.04.20
[    6.068864] input: ImExPS/2 Generic Explorer Mouse as /devices/platform/i8042/serio1/input/input4
[    6.242346] e1000 0000:00:03.0 eth0: (PCI:33MHz:32-bit) 02:5e:4b:b2:97:11
[    6.272897] e1000 0000:00:03.0 eth0: Intel(R) PRO/1000 Network Connection
[    6.275158] mptbase: ioc0: Initiating bringup
[    6.275949] e1000 0000:00:03.0 enp0s3: renamed from eth0
[    6.374818] ioc0: LSI53C1030 A0: Capabilities={Initiator}
[    6.548556] scsi host2: ioc0: LSI53C1030 A0, FwRev=00000000h, Ports=1, MaxQ=256, IRQ=20
[    6.663560] scsi 2:0:0:0: Direct-Access     VBOX     HARDDISK         1.0  PQ: 0 ANSI: 5
[    6.670646] scsi target2:0:0: Beginning Domain Validation
[    6.722466] scsi target2:0:0: Domain Validation skipping write tests
[    6.723768] scsi target2:0:0: Ending Domain Validation
[    6.724888] scsi target2:0:0: asynchronous
[    6.726301] scsi 2:0:1:0: Direct-Access     VBOX     HARDDISK         1.0  PQ: 0 ANSI: 5
[    6.728086] scsi target2:0:1: Beginning Domain Validation
[    6.730087] scsi target2:0:1: Domain Validation skipping write tests
[    6.731403] scsi target2:0:1: Ending Domain Validation
[    6.749893] scsi target2:0:1: asynchronous
[    6.766725] sd 2:0:0:0: [sda] 20971520 512-byte logical blocks: (10.7 GB/10.0 GiB)
[    6.766898] sd 2:0:0:0: Attached scsi generic sg0 type 0
[    6.767394] sd 2:0:1:0: [sdb] 20480 512-byte logical blocks: (10.5 MB/10.0 MiB)
[    6.767442] sd 2:0:1:0: Attached scsi generic sg1 type 0
[    6.767641] sd 2:0:1:0: [sdb] Write Protect is off
[    6.767733] sd 2:0:1:0: [sdb] Incomplete mode parameter data
[    6.767733] sd 2:0:1:0: [sdb] Assuming drive cache: write through
[    6.785515] sd 2:0:1:0: [sdb] Attached SCSI disk
[    6.809135] sd 2:0:0:0: [sda] Write Protect is off
[    6.810364] sd 2:0:0:0: [sda] Incomplete mode parameter data
[    6.874503] sd 2:0:0:0: [sda] Assuming drive cache: write through
[    7.061425]  sda: sda1
[    7.089238] sd 2:0:0:0: [sda] Attached SCSI disk
[    8.870771] floppy0: no floppy controllers found
Begin: Loading e[   10.260496] md: linear personality registered for level -1
ssential drivers ... [   10.271999] md: multipath personality registered for level -4
[   10.280652] md: raid0 personality registered for level 0
[   10.296227] md: raid1 personality registered for level 1
[   10.373833] raid6: sse2x1   gen()  8782 MB/s
[   10.465838] raid6: sse2x1   xor()  7007 MB/s
[   10.535330] raid6: sse2x2   gen() 10795 MB/s
[   10.718911] raid6: sse2x2   xor()  7424 MB/s
[   10.838936] raid6: sse2x4   gen() 11732 MB/s
[   10.942767] raid6: sse2x4   xor()  7518 MB/s
[   10.959125] raid6: using algorithm sse2x4 gen() 11732 MB/s
[   10.979662] raid6: .... xor() 7518 MB/s, rmw enabled
[   11.018698] raid6: using ssse3x2 recovery algorithm
[   11.021265] xor: automatically using best checksumming function:
[   11.062620]    avx       : 18019.000 MB/sec
[   11.073720] async_tx: api initialized (async)
[   11.083713] md: raid6 personality registered for level 6
[   11.093283] md: raid5 personality registered for level 5
[   11.094134] md: raid4 personality registered for level 4
[   11.105515] md: raid10 personality registered for level 10
done.
Begin: Running /scripts/init-premount ... done.
Begin: Mounting root file system ... Begin: Running /scripts/local-top ... done.
Begin: Running /scripts/local-premount ... [   11.143991] Btrfs loaded
Scanning for Btrfs filesystems
done.
Warning: fsck not present, so sk[   11.226745] EXT4-fs (sda1): mounted filesystem with ordered data mode. Opts: (null)
ipping root file system
done.
Begin: Running /scripts/local-bottom ... done.
Begin: Running /scripts/init-bottom ... done.
[   11.767082] systemd[1]: systemd 229 running in system mode. (+PAM +AUDIT +SELINUX +IMA +APPARMOR +SMACK +SYSVINIT +UTMP +LIBCRYPTSETUP +GCRYPT +GNUTLS +ACL +XZ -LZ4 +SECCOMP +BLKID +ELFUTILS +KMOD -IDN)
[   11.791581] systemd[1]: Detected virtualization oracle.
[   11.808850] systemd[1]: Detected architecture x86-64.

Welcome to [1mUbuntu 16.04.2 LTS[0m!

[   11.840267] systemd[1]: Set hostname to <ubuntu-xenial>.
[   12.394057] systemd[1]: Listening on Journal Audit Socket.
[[0;32m  OK  [0m] Listening on Journal Audit Socket.
[   12.509687] systemd[1]: Listening on Syslog Socket.
[[0;32m  OK  [0m] Listening on Syslog Socket.
[   12.511990] systemd[1]: Listening on Device-mapper event daemon FIFOs.
[[0;32m  OK  [0m] Listening on Device-mapper event daemon FIFOs.
[   12.514707] systemd[1]: Reached target Swap.
[[0;32m  OK  [0m] Reached target Swap.
[   12.516766] systemd[1]: Listening on udev Control Socket.
[[0;32m  OK  [0m] Listening on udev Control Socket.
[   12.522232] systemd[1]: Listening on Journal Socket (/dev/log).
[[0;32m  OK  [0m] Listening on Journal Socket (/dev/log).
[   12.584470] systemd[1]: Started Forward Password Requests to Wall Directory Watch.
[[0;32m  OK  [0m] Started Forward Password Requests to Wall Directory Watch.
[   12.593756] systemd[1]: Listening on udev Kernel Socket.
[[0;32m  OK  [0m] Listening on udev Kernel Socket.
[   12.599515] systemd[1]: Reached target User and Group Name Lookups.
[[0;32m  OK  [0m] Reached target User and Group Name Lookups.
[   12.602059] random: nonblocking pool is initialized
[   12.627344] systemd[1]: Listening on Journal Socket.
[[0;32m  OK  [0m] Listening on Journal Socket.
[   12.649591] systemd[1]: Listening on LVM2 metadata daemon socket.
[[0;32m  OK  [0m] Listening on LVM2 metadata daemon socket.
[   12.652351] systemd[1]: Set up automount Arbitrary Executable File Formats File System Automount Point.
[[0;32m  OK  [0m] Set up automount Arbitrary Executab...ats File System Automount Point.
[   12.759349] systemd[1]: Listening on /dev/initctl Compatibility Named Pipe.
[[0;32m  OK  [0m] Listening on /dev/initctl Compatibility Named Pipe.
[   12.762244] systemd[1]: Listening on LVM2 poll daemon socket.
[[0;32m  OK  [0m] Listening on LVM2 poll daemon socket.
[   12.785342] systemd[1]: Created slice User and Session Slice.
[[0;32m  OK  [0m] Created slice User and Session Slice.
[   12.889968] systemd[1]: Reached target Encrypted Volumes.
[[0;32m  OK  [0m] Reached target Encrypted Volumes.
[   12.944620] systemd[1]: Created slice System Slice.
[[0;32m  OK  [0m] Created slice System Slice.
[   13.058753] systemd[1]: Starting Nameserver information manager...
         Starting Nameserver information manager...
[   13.130825] systemd[1]: Mounting Huge Pages File System...
         Mounting Huge Pages File System...
[   13.150033] systemd[1]: Starting Create list of required static device nodes for the current kernel...
         Starting Create list of required st... nodes for the current kernel...
[   13.173331] systemd[1]: Starting Uncomplicated firewall...
         Starting Uncomplicated firewall...
[   13.191249] systemd[1]: Reached target Slices.
[[0;32m  OK  [0m] Reached target Slices.
[   13.206748] systemd[1]: Mounting POSIX Message Queue File System...
         Mounting POSIX Message Queue File System...
[   13.220483] systemd[1]: Starting Set console keymap...
         Starting Set console keymap...
[   13.235920] systemd[1]: Created slice system-serial\x2dgetty.slice.
[[0;32m  OK  [0m] Created slice system-serial\x2dgetty.slice.
[   13.286857] systemd[1]: Starting Load Kernel Modules...
         Starting Load Kernel Modules...
[   13.296744] systemd[1]: Starting Journal Service...
         Starting Journal Service...
[   13.304892] systemd[1]: Mounting Debug File System...
         Mounting Debug File System...
[   13.310645] systemd[1]: Starting Remount Root and Kernel File Systems...
         Starting Remount Root and Kernel File Systems...
[   13.320747] systemd[1]: Starting Monitoring of LVM2 mirrors, snapshots etc. using dmeventd or progress polling...
         Starting Monitoring of LVM2 mirrors... dmeventd or progress polling...
[   13.328269] systemd[1]: Mounted POSIX Message Queue File System.
[[0;32m  OK  [0m] Mounted POSIX Message Queue File System.
[   13.334348] systemd[1]: Mounted Debug File System.
[[0;32m  OK  [0m] Mounted Debug File System.
[   13.346808] systemd[1]: Mounted Huge Pages File System.
[[0;32m  OK  [0m] Mounted Huge Pages File System.
[   13.451336] systemd[1]: Started Create list of required static device nodes for the current kernel.
[[0;32m  OK  [0m] Started Create list of required sta...ce nodes for the current kernel.
[   13.466024] systemd[1]: Started Uncomplicated firewall.
[[0;32m  OK  [0m] Started Uncomplicated firewall.
[   13.485682] EXT4-fs (sda1): re-mounted. Opts: (null)
[   13.502681] systemd[1]: Started Remount Root and Kernel File Systems.
[[0;32m  OK  [0m] Started Remount Root and Kernel File Systems.
[   13.562795] systemd[1]: Started Nameserver information manager.
[[0;32m  OK  [0m] Started Nameserver information manager.
[   13.582580] systemd[1]: Started Set console keymap.
[[0;32m  OK  [0m] Started Set console keymap.
[   13.597149] systemd[1]: Starting Initial cloud-init job (pre-networking)...
         Starting Initial cloud-init job (pre-networking)...
[   13.613205] systemd[1]: Starting Load/Save Random Seed...
         Starting Load/Save Random Seed...
[   13.682840] systemd[1]: Starting udev Coldplug all Devices...
         Starting udev Coldplug all Devices...
[   13.687266] systemd[1]: Starting Create Static Device Nodes in /dev...
         Starting Create Static Device Nodes in /dev...
[   13.699221] Loading iSCSI transport class v2.0-870.
[   13.818577] systemd[1]: Started Load/Save Random Seed.
[[0;32m  OK  [0m] Started Load/Save Random Seed.
[   13.846802] iscsi: registered transport (tcp)
[   13.921077] systemd[1]: Started udev Coldplug all Devices.
[[0;32m  OK  [0m] Started udev Coldplug all Devices.
[   14.017754] systemd[1]: Started Journal Service.
[[0;32m  OK  [0m] Started Journal Service.
         Starting Flush Journal to Persistent Storage...
[[0;32m  OK  [0m] Started LVM2 metadata daemon.
[   14.144270] systemd-journald[410]: Received request to flush runtime journal from PID 1
[[0;32m  OK  [0m] Started Flush Journal to Pers[   14.231899] iscsi: registered transport (iser)
istent Storage.
[[0;32m  OK  [0m] Started Load Kernel Modules.
         Mounting FUSE Control File System...
         Starting Apply Kernel Variables...
[[0;32m  OK  [0m] Mounted FUSE Control File System.
[[0;32m  OK  [0m] Started Create Static Device Nodes in /dev.
         Starting udev Kernel Device Manager...
[[0;32m  OK  [0m] Started Apply Kernel Variables.
[[0;32m  OK  [0m] Started udev Kernel Device Manager.
[[0;32m  OK  [0m] Started Dispatch Password Requests to Console Directory Watch.
[[0;32m  OK  [0m] Started Monitoring of LVM2 mirrors,...ng dmeventd or progress polling.
[[0;32m  OK  [0m] Reached target Local File Systems (Pre).
[[0;32m  OK  [0m] Reached target Local File Systems.
         Starting LSB: AppArmor initialization...
         Starting Create Volatile Files and Directories...
         Starting Set console font and keymap...
         Starting Tell Plymouth To Write Out Runtime Data...
[[0;32m  OK  [0m] Started Tell Plymouth To Write Out Runtime Data.
[[0;32m  OK  [0m] Found device /dev/ttyS0.
[[0;32m  OK  [0m] Started Create Volatile Files and Directories.
         Starting Update UTMP about System Boot/Shutdown...
[[0;32m  OK  [0m] Reached target System Time Synchronized.
[[0;32m  OK  [0m] Started Update UTMP about System Boot/Shutdown.
[[0;32m  OK  [0m] Found device 82540EM Gigabit Ethern...r (PRO/1000 MT Desktop Adapter).
[[0;32m  OK  [0m] Started Set console font and keymap.
[[0;32m  OK  [0m] Created slice system-getty.slice.
[[0;32m  OK  [0m] Started LSB: AppArmor initialization.
[[0;32m  OK  [0m] Listening on Load/Save RF Kill Switch Status /dev/rfkill Watch.
[   17.175334] cloud-init[431]: Cloud-init v. 0.7.9 running 'init-local' at Tue, 07 Mar 2017 11:40:44 +0000. Up 16.59 seconds.
[[0;32m  OK  [0m] Started Initial cloud-init job (pre-networking).
[[0;32m  OK  [0m] Reached target Network (Pre).
[[0;32m  OK  [0m] Started ifup for enp0s3.
         Starting Raise network interfaces...
[[0;32m  OK  [0m] Started Raise network interfaces.
[[0;32m  OK  [0m] Reached target Network.
         Starting Initial cloud-init job (metadata service crawler)...
[   18.283094] cloud-init[1064]: Cloud-init v. 0.7.9 running 'init' at Tue, 07 Mar 2017 11:40:45 +0000. Up 17.84 seconds.
[   18.299053] cloud-init[1064]: ci-info: +++++++++++++++++++++++++++++++++++++Net device info++++++++++++++++++++++++++++++++++++++
[   18.305941] cloud-init[1064]: ci-info: +--------+------+----------------------------+---------------+-------+-------------------+
[   18.319307] cloud-init[1064]: ci-info: | Device |  Up  |          Address           |      Mask     | Scope |     Hw-Address    |
[[0;32m  OK  [0m] Started Initial cloud-init job (metadata service crawler).
[   18.396222] cloud-init[1064]: ci-info: +--------+------+----------------------------+---------------+-------+-------------------+
[   18.399354] [[0;32m  OK  [0m] Reached target Cloud-config availability.
[[0;32m  OK  [0m] Reached target Network is Online.
cloud-init[1064]: ci-info: | enp0s3 | True |         10.0.2.15          | 255.255.255.0 |   .   | 02:5e:4b:b2:97:11 |
[   18.403009] cloud-init[1064]: ci-info: | enp0s3 | True | fe80::5e:4bff:feb2:9711/64 |       .       |  link | 02:5e:4b:b2:97:11 |
[   18.432334]          cloud-initStarting iSCSI initiator daemon (iscsid)...[1064]: 
ci-info: |   lo   | True |         127.0.0.1          |   255.0.0.0   |   .   |         .         |
[   18.437049] [[0;32m  OK  [0m] Reached target System Initialization.
         Starting Socket activation for snappy daemon.
[[0;32m  OK  [0m] Listening on UUID daemon activation socket.
cloud-init[1064]: ci-info: |   lo   | True |          ::1/128           |       .       |  host |         .         |
[   18.442447] cloud-init[1064]: ci-info: +--------+------+----------------------------+---------------+-------+-------------------+
[   18.446027] cloud-init[1064]: ci-info: +++++++++++++++++++++++++++Route IPv4 info++++++++++++++++++++++++++++
[   18.449227] cloud-init[1064]: ci-info: +-------+-------------+----------+---------------+-----------+-------+
[   18.453621] cloud-init[1064]: ci-info: | Route | Destination | Gateway  |    Genmask    | Interface | Flags |
[   18.455520] cloud-init[1064]: ci-info: +-------+-------------+----------+---------------+-----------+-------+
[   18.457475] cloud-init[1064]: ci-info: |   0   |   0.0.0.0   | 10.0.2.2 |    0.0.0.0    |   enp0s3  |   UG  |
[   18.472356] cloud-init[1064]: ci-info: |   1   |   10.0.2.0  | 0.0.0.0  | 255.255.255.0 |   enp0s3  |   U   |
[   18.476553] [cloud-init[0;32m  OK  [0m[1064]: ] ci-info: +-------+-------------+----------+---------------+-----------+-------+Started Daily apt activities.

[[0;32m  OK  [0m] Started Daily Cleanup of Temporary Directories.
[[0;32m  OK  [0m] Started Timer to automatically refresh installed snaps.
[[0;32m  OK  [0m] Reached target Timers.
         Starting LXD - unix socket.
[[0;32m  OK  [0m] Listening on D-Bus System Message Bus Socket.
[[0;32m  OK  [0m] Listening on ACPID Listen Socket.
[[0;32m  OK  [0m] Started ACPI Events Check.
[[0;32m  OK  [0m] Started Trigger resolvconf update for networkd DNS.
[[0;32m  OK  [0m] Reached target Paths.
[[0;32m  OK  [0m] Listening on Socket activation for snappy daemon.
[[0;32m  OK  [0m] Listening on LXD - unix socket.
[[0;32m  OK  [0m] Started iSCSI initiator daemon (iscsid).
         Starting Login to default iSCSI targets...
[[0;32m  OK  [0m] Reached target Sockets.
[[0;32m  OK  [0m] Reached target Basic System.
         Starting LSB: Record successful boot for GRUB...
[[0;32m  OK  [0m] Started D-Bus System Message Bus.
         Starting Login Service...
         Starting /etc/rc.local Compatibility...
         Starting LXD - container startup/shutdown...
[[0;32m  OK  [0m] Started Snappy daemon.
[[0;32m  OK  [0m] Started ACPI event daemon.
         Starting System Logging Service...
[[0;32m  OK  [0m] Started Regular background program processing daemon.
         Starting Apply the settings specified in cloud-config...
         Starting OpenBSD Secure Shell server...
         Starting Accounts Service...
[[0;32m  OK  [0m] Started FUSE filesystem for LXC.
         Starting LSB: MD monitoring daemon...
[[0;32m  OK  [0m] Started Deferred execution scheduler.
         Starting Auto import assertions from block devices...
[[0;32m  OK  [0m] Started /etc/rc.local Compatibility.
[[0;32m  OK  [0m] Started Auto import assertions from block devices.
[[0;32m  OK  [0m] Started Login Service.
[[0;32m  OK  [0m] Started LSB: Record successful boot for GRUB.
[[0;32m  OK  [0m] Started Login to default iSCSI targets.
[[0;32m  OK  [0m] Reached target Remote File Systems (Pre).
[[0;32m  OK  [0m] Reached target Remote File Systems.
         Starting LSB: automatic crash report generation...
         Starting LSB: Apache2 web server...
         Starting LSB: VirtualBox Linux Additions...
         Starting LSB: Set the CPU Frequency Scaling governor to "ondemand"...
         Starting Permit User Sessions...
         Starting LSB: daemon to balance interrupts for SMP systems...
[[0;32m  OK  [0m] Started LSB: MD monitoring daemon.
[[0;32m  OK  [0m] Started LSB: Set the CPU Frequency Scaling governor to "ondemand".
[[0;32m  OK  [0m] Started Permit User Sessions.
[[0;32m  OK  [0m] Started System Logging Service.
         Starting Terminate Plymouth Boot Screen...
         Starting Hold until boot process finishes up...
[[0;32m  OK  [0m] Started Hold until boot process finishes up.
[[0;32m  OK  [0m] Started Terminate Plymouth Boot Screen.
[[0;32m  OK  [0m] Started Getty on tty1.
         Starting Set console scheme...
[[0;32m  OK  [0m] Started Serial Getty on ttyS0.
[[0;32m  OK  [0m] Reached target Login Prompts.
[[0;32m  OK  [0m] Started Set console scheme.
[[0;32m  OK  [0m] Started LSB: daemon to balance interrupts for SMP systems.
[[0;32m  OK  [0m] Started LSB: automatic crash report generation.
[   20.226912] cloud-init[1145]: Cloud-init v. 0.7.9 running 'modules:config' at Tue, 07 Mar 2017 11:40:47 +0000. Up 19.33 seconds.
[[0;32m  OK  [0m] Started Apply the settings specified in cloud-config.
[[0;32m  OK  [0m] Started OpenBSD Secure Shell server.
[[0;32m  OK  [0m] Started LSB: VirtualBox Linux Additions.
         Starting Authenticate and Authorize Users to Run Privileged Tasks...
[[0;32m  OK  [0m] Started Authenticate and Authorize Users to Run Privileged Tasks.
[[0;32m  OK  [0m] Started Accounts Service.
[[0;32m  OK  [0m] Started LXD - container startup/shutdown.
[[0;32m  OK  [0m] Started LSB: Apache2 web server.
[[0;32m  OK  [0m] Reached target Multi-User System.
[[0;32m  OK  [0m] Reached target Graphical Interface.
         Starting Execute cloud user/final scripts...
         Starting Update UTMP about System Runlevel Changes...
[[0;32m  OK  [0m] Started Update UTMP about System Runlevel Changes.
[   24.077705] cloud-init[1329]: Cloud-init v. 0.7.9 running 'modules:final' at Tue, 07 Mar 2017 11:40:52 +0000. Up 23.94 seconds.
[   24.087007] cloud-init[1329]: Cloud-init v. 0.7.9 finished at Tue, 07 Mar 2017 11:40:52 +0000. Datasource DataSourceNoCloud [seed=/dev/sdb][dsmode=net].  Up 24.07 seconds
[[0;32m  OK  [0m] Started Execute cloud user/final scripts.
[[0;32m  OK  [0m] Reached target Cloud-init target.

Ubuntu 16.04.2 LTS ubuntu-xenial ttyS0

ubuntu-xenial login: [2                  ¿  ¿              ¸‰             Ä   A˝ˇˇ    ê:˝ˇâu…         ûÔ‘  ¿í<‘                  ∞=‘   –ˇˇ @ˇ    ¿ì<‘  ¿ì<‘  @í<‘   ñ<‘  Uß˚‘  Ä   Åˇˇˇ    :˝ˇ¶¶ø˝}∫     
[205047.031665] INFO: rcu_sched self-detected stall on CPU
[205047.032286] 	1-...: (1 GPs behind) idle=cdd/140000000000002/0 softirq=350813/350816 fqs=1 
[205047.033233] 	 (t=18327 jiffies g=140966 c=140965 q=39)
[205047.034047] rcu_sched kthread starved for 4831 jiffies! g140966 c140965 f0x0 s3 ->state=0x1
[205047.034082] INFO: rcu_sched detected stalls on CPUs/tasks:
[205047.034085] 	1-...: (1 GPs behind) idle=cdd/140000000000002/0 softirq=350813/350816 fqs=1 
[205047.034087] 	(detected by 0, t=18327 jiffies, g=140966, c=140965, q=39)
[205047.034238] rcu_sched kthread starved for 4831 jiffies! g140966 c140965 f0x0 s3 ->state=0x1
[205168.273212] NMI watchdog: BUG: soft lockup - CPU#0 stuck for 61s! [vmstats:1301]
[2095.528596] NMI watchdog: BUG: softp - CPU#0 stuck for 25s! [swapper/0:0]
[205375.291714] NMI watchdog: BUG: soft lockup - CPU#1 stuck for 41s! [vminfo:1298]
[205394.598043] INFO: rcu_sched detected stalls on CPUs/tasks:
[205412.513196] 	0-...: (1 GPs behind) idle=ef1/140000000000001/0 softirq=125416/125417 fqs=0 
[205412.520242] 	(detected by 0, t=0 jiffies, g=141007, c=141006, q=37)
[274795] NMI watchdog: BUG: soft lockup - CPU#1 stuck for 31s! [vminfo:1298]
[205462.272788] INFO: task rs:main Q:Reg:1238 blocked for more than 120 seconds.
[205462.275078]       Tainted: G             L  4.4.0-64-generic #85-Ubuntu
[205462.277300] "echo 0 > /proc/sys/kernel/hung_task_timeout_secs" disables this message.
[205596.878959] NMI watchdog: BUG: soft lockup Å                    ¿  ¿              ¸‰             Ä   A˝ˇˇ    ê:˝ˇâu…         ûÔ‘  ¿í<‘                  ∞=‘   –2A¢¡ˇˇ @ˇ    ¿ì<‘  ¿ì<‘  @í<‘   ñ<‘  Uß˚‘  Ä   Åˇˇˇ    :˝ˇdQ,*ª     BUG: soft lockup - CPU#0 stuck for 42s! [memballoon:1300]
[205862.293865] INFO: rcu_sched detected stalls on CPUs/tasks:
[205865.992997] 	1-...: (1 GPs behind) idle=c1b/140000000000002/0 softirq=351841/351850 fqs=1 
[205865.994542] 	(detected by 0, t=15422 jiffies, g=141059, c=141058, q=12)
[205865.995798] rcu_sched kthread starved for 9314 jiffies! g141059 c141058 f0x0 s3 ->state=0x0
[205922.337523] INFO: rcu_sched detected stalls on CPUs/tasks:
[205926.887455] 	0-...: (1 GPs behind) idle=b77/140000000000001/0 softirq=125641/125642 fqs=0 
[205930.366866] 	(detected by 0, t=0 jiffies, g=141061, c=141060, q=46)
[2 cc ¡ ∞ Å                    ¿  ¿              ¸‰             Ä   A˝ˇˇ    ê:˝ˇâu…         ûÔ‘  ¿í<‘                  ∞=‘   –2A¢¡ˇˇ @ˇ    ¿ì<‘  ¿ì<‘  @í<‘   ñ<‘  Uß˚‘  Ä   Åˇˇˇ    :˝ˇÒÈ-Éª     ched kthread starved for 37515 jiffies! g141086 c141085 f0x0 s3 ->state=0x1

[206168.459360] 	1-...: (1 GPs behind) idle=fd1/140000000000001/0 softirq=351923/351924 fqs=1 
[206168.459361] 	[206812.119553] NMI watchdog: BUG: soft lockup - CPU#0 stuck for 66s! [kworker/0:0:12398]
[206944.714070] NMI watchdog: BUG: soft lockup - CPU#1 stuck for 229s! [swapper/1:0]
[206944.714836] systemd[1]: systemd-udevd.service: Watchdog timeout (limit 3min)!
[207128.925462] NMI watchdog: BUG: soft lockup - CPU#0 stuck for 43s! [kworker/0:0:12398]
[207129.030507] NMI watchdog: BUG: soft lockup - CPU#1 stuck for 43s! [vminfo:1298]
